12/12 20:28:49 INFO License Service: Flex 1.5 CF Edition enabled
12/12 20:28:49 INFO Starting Flex 1.5 CF Edition
Dec 12, 2024 20:28:49 PM Information [main] - /opt/coldfusion/cfusion/logs/server.log initialized
Dec 12, 2024 20:28:49 PM Information [main] - Starting logging...
Dec 12, 2024 20:28:49 PM Information [main] - Starting license...
Dec 12, 2024 20:28:49 PM Information [main] - Evaluation Edition enabled
Dec 12, 2024 20:28:49 PM Information [main] - Starting crypto...
Dec 12, 2024 20:28:49 PM Information [main] - Installed JSafe JCE provider: Version 6.21 Crypto-J 6.2.1, EMC Corporation. JsafeJCE Security Provider (implements RSA, DSA, ECDSA, Diffie-Hellman, ECDH, AES, DES, Triple DES, DESX, RC2, RC4, RC5, PBE, MD2, MD5, RIPEMD160, SHA1, SHA224, SHA256, SHA384, SHA512, HMAC-MD5, HMAC-RIPEMD160, HMAC-SHA1, HMAC-SHA224, HMAC-SHA256, HMAC-SHA384, HMAC-SHA512, HMACDRBG, HASHDRBG, CTRDRBG, FIPS186PRNG, SHA1PRNG, MD5PRNG; RFC 3394, RFC 5649 AES Key Wrap; X.509 CertificateFactory; PKCS12, PKCS15 KeyStore; X.509V1, PKIX, PKIX-SuiteB, PKIX-SuiteBTLS CertPathValidators; X.509V1, PKIX, PKIX-SuiteB, PKIX-SuiteBTLS CertPathBuilders; LDAP, Collection CertStores)
Dec 12, 2024 20:28:49 PM Information [main] - Starting security...
Dec 12, 2024 20:28:55 PM Information [main] - Starting scheduler...
Dec 12, 2024 20:28:55 PM Information [main] - Starting WatchService...
Dec 12, 2024 20:28:55 PM Information [main] - Starting debugging...
Dec 12, 2024 20:28:55 PM Information [main] - Starting sql...
Dec 12, 2024 20:28:55 PM Information [main] - Starting runtime...
Dec 12, 2024 20:28:56 PM Information [main] - CORBA Configuration not enabled
Dec 12, 2024 20:28:56 PM Information [main] - Starting mail...
Dec 12, 2024 20:28:56 PM Information [main] - Starting cron...
Dec 12, 2024 20:28:56 PM Information [main] - /opt/coldfusion/cfusion/logs/scheduler.log initialized
Dec 12, 2024 20:28:56 PM Information [main] - Created scheduler DefaultQuartzScheduler with thread pool size as 10
Dec 12, 2024 20:28:56 PM Information [main] - Starting registry...
Dec 12, 2024 20:28:56 PM Information [main] - Starting client...
Dec 12, 2024 20:28:56 PM Information [main] - Starting xmlrpc...
Dec 12, 2024 20:28:56 PM Information [main] - Starting jaxrs...
Dec 12, 2024 20:28:56 PM Information [main] - Starting graphing...
Dec 12, 2024 20:28:56 PM Information [main] - Starting solr...
Dec 12, 2024 20:28:56 PM Information [main] - Starting archive...
Dec 12, 2024 20:28:56 PM Information [main] - Starting document...
Dec 12, 2024 20:28:56 PM Information [main] - Starting eventgateway...
Dec 12, 2024 20:28:56 PM Information [main] - /opt/coldfusion/cfusion/logs/eventgateway.log initialized
Dec 12, 2024 20:28:56 PM Information [main] - Event Gateway Disabled.
Dec 12, 2024 20:28:56 PM Information [main] - Starting FlexAssembler...
Dec 12, 2024 20:28:56 PM Information [main] - Starting .NET...
Dec 12, 2024 20:28:56 PM Information [main] - Starting Monitoring...
Dec 12, 2024 20:28:57 PM Information [main] - Starting PDFG...
Dec 12, 2024 20:28:57 PM Information [main] - Starting WebSocket...
Dec 12, 2024 20:28:57 PM Information [main] - WebSocket server listens on port: 8581
Dec 12, 2024 20:28:57 PM Information [main] - ColdFusion started
Dec 12, 2024 20:28:57 PM Information [main] - ColdFusion: application services are now available
12/12 20:28:57 INFO Macromedia Flex Build: 87315.134646
Dec 12, 2024 20:29:01 PM Information [http-nio-8500-exec-1] - Initialize client.properties file
Dec 12, 2024 20:32:30 PM Information [http-nio-8500-exec-3] - /opt/coldfusion/cfusion/logs/application.log initialized
Dec 12, 2024 20:32:30 PM Information [http-nio-8500-exec-3] - Session rotated successfully.
Dec 12, 2024 20:32:30 PM Information [http-nio-8500-exec-3] - Invalid login for Default User
Dec 12, 2024 20:32:35 PM Information [http-nio-8500-exec-1] - Session rotated successfully.
Dec 12, 2024 20:32:35 PM Information [http-nio-8500-exec-1] - Invalid login for Default User
Dec 12, 2024 20:32:47 PM Information [http-nio-8500-exec-8] - Session rotated successfully.
Dec 12, 2024 20:32:57 PM Information [http-nio-8500-exec-6] - /opt/coldfusion/cfusion/logs/http.log initialized
Dec 12, 2024 20:32:57 PM Information [http-nio-8500-exec-6] - Starting HTTP request {URL='https://www.adobe.com/go/coldfusion-updates', method='get'}
Dec 12, 2024 20:32:59 PM Information [http-nio-8500-exec-6] - HTTP request completed  {Status Code=200 ,Time taken=2663 ms}
Dec 12, 2024 20:34:43 PM Error [http-nio-8500-exec-2] - No suitable driver available for db, please check the driver setting in resources file, error: org.postgresql.Driver
Dec 12, 2024 20:34:43 PM  [] - 
Dec 12, 2024 20:34:43 PM Error [http-nio-8500-exec-2] - No suitable driver available for db, please check the driver setting in resources file, error: org.postgresql.Driver
Dec 12, 2024 20:35:36 PM Error [http-nio-8500-exec-10] - No suitable driver available for db, please check the driver setting in resources file, error: org.postgresql.Driver
Dec 12, 2024 20:35:36 PM Error [http-nio-8500-exec-10] - No suitable driver available for db, please check the driver setting in resources file, error: org.postgresql.Driver
Dec 12, 2024 20:35:48 PM Error [http-nio-8500-exec-5] - No suitable driver available for db, please check the driver setting in resources file, error: org.postgresql.Driver
Dec 12, 2024 20:36:04 PM Error [http-nio-8500-exec-8] - No suitable driver available for db, please check the driver setting in resources file, error: org.postgresql.Driver
Dec 12, 2024 20:36:04 PM Error [http-nio-8500-exec-8] - No suitable driver available for db, please check the driver setting in resources file, error: org.postgresql.Driver
Dec 12, 2024 20:36:28 PM Error [http-nio-8500-exec-7] - No suitable driver available for db, please check the driver setting in resources file, error: org.postgresql.Driver
Dec 12, 2024 20:36:28 PM Error [http-nio-8500-exec-7] - No suitable driver available for db, please check the driver setting in resources file, error: org.postgresql.Driver
Dec 12, 2024 20:38:34 PM Error [http-nio-8500-exec-7] - No suitable driver available for db, please check the driver setting in resources file, error: org.postgresql.Driver
Dec 12, 2024 20:38:34 PM Error [http-nio-8500-exec-7] - No suitable driver available for db, please check the driver setting in resources file, error: org.postgresql.Driver
Dec 12, 2024 20:39:05 PM Error [http-nio-8500-exec-1] - No suitable driver available for db, please check the driver setting in resources file, error: org.postgresql.Driver
Dec 12, 2024 20:39:05 PM Error [http-nio-8500-exec-1] - No suitable driver available for db, please check the driver setting in resources file, error: org.postgresql.Driver
Dec 12, 2024 20:39:19 PM Error [http-nio-8500-exec-3] - Datasource db could not be found.
Dec 12, 2024 20:39:20 PM Error [http-nio-8500-exec-8] - No suitable driver available for postgres, please check the driver setting in resources file, error: org.postgresql.Driver
Dec 12, 2024 20:39:20 PM Error [http-nio-8500-exec-8] - No suitable driver available for postgres, please check the driver setting in resources file, error: org.postgresql.Driver
Dec 12, 2024 20:39:43 PM Error [http-nio-8500-exec-5] - No suitable driver available for postgres, please check the driver setting in resources file, error: org.postgresql.Driver
Dec 12, 2024 20:39:43 PM Error [http-nio-8500-exec-5] - No suitable driver available for postgres, please check the driver setting in resources file, error: org.postgresql.Driver
Dec 12, 2024 20:52:05 PM Information [Thread-15] - /opt/coldfusion/cfusion/logs/monitor.log initialized
Dec 12, 2024 20:52:05 PM Information [Thread-15] - Monitoring Service stopped.
Dec 12, 2024 20:52:05 PM Information [Thread-15] - ColdFusion stopped
12/12 20:52:19 INFO License Service: Flex 1.5 CF Edition enabled
12/12 20:52:19 INFO Starting Flex 1.5 CF Edition
Dec 12, 2024 20:52:19 PM Information [main] - Starting logging...
Dec 12, 2024 20:52:19 PM Information [main] - Starting license...
Dec 12, 2024 20:52:19 PM Information [main] - Evaluation Edition enabled
Dec 12, 2024 20:52:19 PM Information [main] - Starting crypto...
Dec 12, 2024 20:52:19 PM Information [main] - Installed JSafe JCE provider: Version 6.21 Crypto-J 6.2.1, EMC Corporation. JsafeJCE Security Provider (implements RSA, DSA, ECDSA, Diffie-Hellman, ECDH, AES, DES, Triple DES, DESX, RC2, RC4, RC5, PBE, MD2, MD5, RIPEMD160, SHA1, SHA224, SHA256, SHA384, SHA512, HMAC-MD5, HMAC-RIPEMD160, HMAC-SHA1, HMAC-SHA224, HMAC-SHA256, HMAC-SHA384, HMAC-SHA512, HMACDRBG, HASHDRBG, CTRDRBG, FIPS186PRNG, SHA1PRNG, MD5PRNG; RFC 3394, RFC 5649 AES Key Wrap; X.509 CertificateFactory; PKCS12, PKCS15 KeyStore; X.509V1, PKIX, PKIX-SuiteB, PKIX-SuiteBTLS CertPathValidators; X.509V1, PKIX, PKIX-SuiteB, PKIX-SuiteBTLS CertPathBuilders; LDAP, Collection CertStores)
Dec 12, 2024 20:52:19 PM Information [main] - Starting security...
Dec 12, 2024 20:52:20 PM Information [main] - Starting scheduler...
Dec 12, 2024 20:52:20 PM Information [main] - Starting WatchService...
Dec 12, 2024 20:52:20 PM Information [main] - Starting debugging...
Dec 12, 2024 20:52:20 PM Information [main] - Starting sql...
Dec 12, 2024 20:52:20 PM Information [main] - Starting runtime...
Dec 12, 2024 20:52:21 PM Information [main] - CORBA Configuration not enabled
Dec 12, 2024 20:52:21 PM Information [main] - Starting mail...
Dec 12, 2024 20:52:21 PM Information [main] - Starting cron...
Dec 12, 2024 20:52:21 PM Information [main] - Created scheduler DefaultQuartzScheduler with thread pool size as 10
Dec 12, 2024 20:52:21 PM Information [main] - Starting registry...
Dec 12, 2024 20:52:21 PM Information [main] - Starting client...
Dec 12, 2024 20:52:21 PM Information [main] - Starting xmlrpc...
Dec 12, 2024 20:52:21 PM Information [main] - Starting jaxrs...
Dec 12, 2024 20:52:21 PM Information [main] - Starting graphing...
Dec 12, 2024 20:52:21 PM Information [main] - Starting solr...
Dec 12, 2024 20:52:22 PM Information [main] - Starting archive...
Dec 12, 2024 20:52:22 PM Information [main] - Starting document...
Dec 12, 2024 20:52:25 PM Information [main] - Starting eventgateway...
Dec 12, 2024 20:52:25 PM Information [main] - Event Gateway Disabled.
Dec 12, 2024 20:52:25 PM Information [main] - Starting FlexAssembler...
Dec 12, 2024 20:52:25 PM Information [main] - Starting .NET...
Dec 12, 2024 20:52:25 PM Information [main] - Starting Monitoring...
Dec 12, 2024 20:52:26 PM Information [main] - Starting PDFG...
Dec 12, 2024 20:52:26 PM Information [main] - Starting WebSocket...
Dec 12, 2024 20:52:26 PM Information [main] - WebSocket server listens on port: 8581
Dec 12, 2024 20:52:27 PM Information [main] - ColdFusion started
Dec 12, 2024 20:52:27 PM Information [main] - ColdFusion: application services are now available
12/12 20:52:27 INFO Macromedia Flex Build: 87315.134646
Dec 12, 2024 20:53:11 PM Information [http-nio-8500-exec-8] - Session rotated successfully.
Dec 12, 2024 20:53:12 PM Information [http-nio-8500-exec-6] - Starting HTTP request {URL='https://www.adobe.com/go/coldfusion-updates', method='get'}
Dec 12, 2024 20:53:14 PM Information [http-nio-8500-exec-6] - HTTP request completed  {Status Code=200 ,Time taken=2424 ms}
Dec 12, 2024 20:53:29 PM Error [http-nio-8500-exec-6] - Connection to localhost:5432 refused. Check that the hostname and port are correct and that the postmaster is accepting TCP/IP connections.
Dec 12, 2024 20:53:29 PM Error [http-nio-8500-exec-6] - Connection to localhost:5432 refused. Check that the hostname and port are correct and that the postmaster is accepting TCP/IP connections.
Dec 12, 2024 20:53:43 PM Error [http-nio-8500-exec-8] - Connection to localhost:5432 refused. Check that the hostname and port are correct and that the postmaster is accepting TCP/IP connections.
Dec 12, 2024 20:53:43 PM Error [http-nio-8500-exec-8] - Connection to localhost:5432 refused. Check that the hostname and port are correct and that the postmaster is accepting TCP/IP connections.
Dec 12, 2024 20:54:24 PM Error [http-nio-8500-exec-3] - Connection to localhost:5432 refused. Check that the hostname and port are correct and that the postmaster is accepting TCP/IP connections.
Dec 12, 2024 20:54:24 PM Error [http-nio-8500-exec-3] - Connection to localhost:5432 refused. Check that the hostname and port are correct and that the postmaster is accepting TCP/IP connections.
12/12 20:55:28 INFO License Service: Flex 1.5 CF Edition enabled
12/12 20:55:28 INFO Starting Flex 1.5 CF Edition
Dec 12, 2024 20:55:28 PM Information [main] - Starting logging...
Dec 12, 2024 20:55:28 PM Information [main] - Starting license...
Dec 12, 2024 20:55:28 PM Information [main] - Evaluation Edition enabled
Dec 12, 2024 20:55:28 PM Information [main] - Starting crypto...
Dec 12, 2024 20:55:28 PM Information [main] - Installed JSafe JCE provider: Version 6.21 Crypto-J 6.2.1, EMC Corporation. JsafeJCE Security Provider (implements RSA, DSA, ECDSA, Diffie-Hellman, ECDH, AES, DES, Triple DES, DESX, RC2, RC4, RC5, PBE, MD2, MD5, RIPEMD160, SHA1, SHA224, SHA256, SHA384, SHA512, HMAC-MD5, HMAC-RIPEMD160, HMAC-SHA1, HMAC-SHA224, HMAC-SHA256, HMAC-SHA384, HMAC-SHA512, HMACDRBG, HASHDRBG, CTRDRBG, FIPS186PRNG, SHA1PRNG, MD5PRNG; RFC 3394, RFC 5649 AES Key Wrap; X.509 CertificateFactory; PKCS12, PKCS15 KeyStore; X.509V1, PKIX, PKIX-SuiteB, PKIX-SuiteBTLS CertPathValidators; X.509V1, PKIX, PKIX-SuiteB, PKIX-SuiteBTLS CertPathBuilders; LDAP, Collection CertStores)
Dec 12, 2024 20:55:28 PM Information [main] - Starting security...
Dec 12, 2024 20:55:29 PM Information [main] - Starting scheduler...
Dec 12, 2024 20:55:29 PM Information [main] - Starting WatchService...
Dec 12, 2024 20:55:29 PM Information [main] - Starting debugging...
Dec 12, 2024 20:55:29 PM Information [main] - Starting sql...
Dec 12, 2024 20:55:29 PM Information [main] - Starting runtime...
Dec 12, 2024 20:55:29 PM Information [main] - CORBA Configuration not enabled
Dec 12, 2024 20:55:29 PM Information [main] - Starting mail...
Dec 12, 2024 20:55:29 PM Information [main] - Starting cron...
Dec 12, 2024 20:55:29 PM Information [main] - Created scheduler DefaultQuartzScheduler with thread pool size as 10
Dec 12, 2024 20:55:29 PM Information [main] - Starting registry...
Dec 12, 2024 20:55:29 PM Information [main] - Starting client...
Dec 12, 2024 20:55:29 PM Information [main] - Starting xmlrpc...
Dec 12, 2024 20:55:30 PM Information [main] - Starting jaxrs...
Dec 12, 2024 20:55:30 PM Information [main] - Starting graphing...
Dec 12, 2024 20:55:30 PM Information [main] - Starting solr...
Dec 12, 2024 20:55:30 PM Information [main] - Starting archive...
Dec 12, 2024 20:55:30 PM Information [main] - Starting document...
Dec 12, 2024 20:55:35 PM Information [main] - Starting eventgateway...
Dec 12, 2024 20:55:35 PM Information [main] - Event Gateway Disabled.
Dec 12, 2024 20:55:35 PM Information [main] - Starting FlexAssembler...
Dec 12, 2024 20:55:35 PM Information [main] - Starting .NET...
Dec 12, 2024 20:55:35 PM Information [main] - Starting Monitoring...
Dec 12, 2024 20:55:35 PM Information [main] - Starting PDFG...
Dec 12, 2024 20:55:35 PM Information [main] - Starting WebSocket...
Dec 12, 2024 20:55:36 PM Information [main] - WebSocket server listens on port: 8581
Dec 12, 2024 20:55:36 PM Information [main] - ColdFusion started
Dec 12, 2024 20:55:36 PM Information [main] - ColdFusion: application services are now available
12/12 20:55:36 INFO Macromedia Flex Build: 87315.134646
Dec 12, 2024 20:55:54 PM Information [http-nio-8500-exec-5] - Session rotated successfully.
Dec 12, 2024 20:55:54 PM Information [http-nio-8500-exec-3] - Starting HTTP request {URL='https://www.adobe.com/go/coldfusion-updates', method='get'}
Dec 12, 2024 20:55:56 PM Information [http-nio-8500-exec-3] - HTTP request completed  {Status Code=200 ,Time taken=1797 ms}
Dec 12, 2024 20:56:14 PM Error [http-nio-8500-exec-1] - Connection to localhost:5432 refused. Check that the hostname and port are correct and that the postmaster is accepting TCP/IP connections.
Dec 12, 2024 20:56:14 PM Error [http-nio-8500-exec-1] - Connection to localhost:5432 refused. Check that the hostname and port are correct and that the postmaster is accepting TCP/IP connections.
Dec 12, 2024 20:59:42 PM Error [http-nio-8500-exec-3] - Datasource postgres could not be found.
Dec 12, 2024 20:59:43 PM Error [http-nio-8500-exec-4] - Connection to localhost:5432 refused. Check that the hostname and port are correct and that the postmaster is accepting TCP/IP connections.
Dec 12, 2024 20:59:43 PM Error [http-nio-8500-exec-4] - Connection to localhost:5432 refused. Check that the hostname and port are correct and that the postmaster is accepting TCP/IP connections.
Dec 12, 2024 21:00:22 PM Error [http-nio-8500-exec-10] - Datasource jdbc:postgresql://db:5432/coldfusion_db could not be found.
Dec 12, 2024 21:00:22 PM Error [http-nio-8500-exec-7] - Connection to localhost:5432 refused. Check that the hostname and port are correct and that the postmaster is accepting TCP/IP connections.
Dec 12, 2024 21:00:22 PM Error [http-nio-8500-exec-7] - Connection to localhost:5432 refused. Check that the hostname and port are correct and that the postmaster is accepting TCP/IP connections.
Dec 12, 2024 21:00:53 PM Error [http-nio-8500-exec-2] - Datasource jdbc:postgresql://db:5432/postgres could not be found.
Dec 12, 2024 21:00:53 PM Error [http-nio-8500-exec-1] - Connection to localhost:5432 refused. Check that the hostname and port are correct and that the postmaster is accepting TCP/IP connections.
Dec 12, 2024 21:00:53 PM Error [http-nio-8500-exec-1] - Connection to localhost:5432 refused. Check that the hostname and port are correct and that the postmaster is accepting TCP/IP connections.
Dec 12, 2024 21:01:30 PM Error [http-nio-8500-exec-9] - Connection to localhost:5432 refused. Check that the hostname and port are correct and that the postmaster is accepting TCP/IP connections.
Dec 12, 2024 21:01:30 PM Error [http-nio-8500-exec-9] - Connection to localhost:5432 refused. Check that the hostname and port are correct and that the postmaster is accepting TCP/IP connections.
Dec 12, 2024 21:02:22 PM Error [http-nio-8500-exec-4] - Connection to localhost:5432 refused. Check that the hostname and port are correct and that the postmaster is accepting TCP/IP connections.
Dec 12, 2024 21:02:22 PM Error [http-nio-8500-exec-4] - Connection to localhost:5432 refused. Check that the hostname and port are correct and that the postmaster is accepting TCP/IP connections.
Dec 12, 2024 21:02:54 PM Error [http-nio-8500-exec-9] - Connection to localhost:5432 refused. Check that the hostname and port are correct and that the postmaster is accepting TCP/IP connections.
Dec 12, 2024 21:02:54 PM Error [http-nio-8500-exec-9] - Connection to localhost:5432 refused. Check that the hostname and port are correct and that the postmaster is accepting TCP/IP connections.
Dec 12, 2024 21:17:23 PM Error [http-nio-8500-exec-10] - File not found: /.cfm The specific sequence of files included or processed is: /app/.cfm''
