"Error","http-nio-8500-exec-2","12/12/24","20:34:43","","No suitable driver available for db, please check the driver setting in resources file, error: org.postgresql.Driver"
java.sql.SQLException: No suitable driver available for db, please check the driver setting in resources file, error: org.postgresql.Driver
	at coldfusion.server.j2ee.sql.pool.JDBCPool.createPhysicalConnection(JDBCPool.java:686)
	at coldfusion.server.j2ee.sql.pool.ConnectionRunner$RunnableConnection.run(ConnectionRunner.java:67)
	at java.base/java.lang.Thread.run(Thread.java:834)
"Error","http-nio-8500-exec-2","12/12/24","20:34:43","","No suitable driver available for db, please check the driver setting in resources file, error: org.postgresql.Driver"
java.sql.SQLException: No suitable driver available for db, please check the driver setting in resources file, error: org.postgresql.Driver
	at coldfusion.server.j2ee.sql.pool.JDBCPool.createPhysicalConnection(JDBCPool.java:686)
	at coldfusion.server.j2ee.sql.pool.ConnectionRunner$RunnableConnection.run(ConnectionRunner.java:67)
	at java.base/java.lang.Thread.run(Thread.java:834)
"Error","http-nio-8500-exec-10","12/12/24","20:35:36","","No suitable driver available for db, please check the driver setting in resources file, error: org.postgresql.Driver"
java.sql.SQLException: No suitable driver available for db, please check the driver setting in resources file, error: org.postgresql.Driver
	at coldfusion.server.j2ee.sql.pool.JDBCPool.createPhysicalConnection(JDBCPool.java:686)
	at coldfusion.server.j2ee.sql.pool.ConnectionRunner$RunnableConnection.run(ConnectionRunner.java:67)
	at java.base/java.lang.Thread.run(Thread.java:834)
"Error","http-nio-8500-exec-10","12/12/24","20:35:36","","No suitable driver available for db, please check the driver setting in resources file, error: org.postgresql.Driver"
java.sql.SQLException: No suitable driver available for db, please check the driver setting in resources file, error: org.postgresql.Driver
	at coldfusion.server.j2ee.sql.pool.JDBCPool.createPhysicalConnection(JDBCPool.java:686)
	at coldfusion.server.j2ee.sql.pool.ConnectionRunner$RunnableConnection.run(ConnectionRunner.java:67)
	at java.base/java.lang.Thread.run(Thread.java:834)
"Error","http-nio-8500-exec-5","12/12/24","20:35:48","","No suitable driver available for db, please check the driver setting in resources file, error: org.postgresql.Driver"
java.sql.SQLException: No suitable driver available for db, please check the driver setting in resources file, error: org.postgresql.Driver
	at coldfusion.server.j2ee.sql.pool.JDBCPool.createPhysicalConnection(JDBCPool.java:686)
	at coldfusion.server.j2ee.sql.pool.ConnectionRunner$RunnableConnection.run(ConnectionRunner.java:67)
	at java.base/java.lang.Thread.run(Thread.java:834)
"Error","http-nio-8500-exec-8","12/12/24","20:36:04","","No suitable driver available for db, please check the driver setting in resources file, error: org.postgresql.Driver"
java.sql.SQLException: No suitable driver available for db, please check the driver setting in resources file, error: org.postgresql.Driver
	at coldfusion.server.j2ee.sql.pool.JDBCPool.createPhysicalConnection(JDBCPool.java:686)
	at coldfusion.server.j2ee.sql.pool.ConnectionRunner$RunnableConnection.run(ConnectionRunner.java:67)
	at java.base/java.lang.Thread.run(Thread.java:834)
"Error","http-nio-8500-exec-8","12/12/24","20:36:04","","No suitable driver available for db, please check the driver setting in resources file, error: org.postgresql.Driver"
java.sql.SQLException: No suitable driver available for db, please check the driver setting in resources file, error: org.postgresql.Driver
	at coldfusion.server.j2ee.sql.pool.JDBCPool.createPhysicalConnection(JDBCPool.java:686)
	at coldfusion.server.j2ee.sql.pool.ConnectionRunner$RunnableConnection.run(ConnectionRunner.java:67)
	at java.base/java.lang.Thread.run(Thread.java:834)
"Error","http-nio-8500-exec-7","12/12/24","20:36:28","","No suitable driver available for db, please check the driver setting in resources file, error: org.postgresql.Driver"
java.sql.SQLException: No suitable driver available for db, please check the driver setting in resources file, error: org.postgresql.Driver
	at coldfusion.server.j2ee.sql.pool.JDBCPool.createPhysicalConnection(JDBCPool.java:686)
	at coldfusion.server.j2ee.sql.pool.ConnectionRunner$RunnableConnection.run(ConnectionRunner.java:67)
	at java.base/java.lang.Thread.run(Thread.java:834)
"Error","http-nio-8500-exec-7","12/12/24","20:36:28","","No suitable driver available for db, please check the driver setting in resources file, error: org.postgresql.Driver"
java.sql.SQLException: No suitable driver available for db, please check the driver setting in resources file, error: org.postgresql.Driver
	at coldfusion.server.j2ee.sql.pool.JDBCPool.createPhysicalConnection(JDBCPool.java:686)
	at coldfusion.server.j2ee.sql.pool.ConnectionRunner$RunnableConnection.run(ConnectionRunner.java:67)
	at java.base/java.lang.Thread.run(Thread.java:834)
"Error","http-nio-8500-exec-7","12/12/24","20:38:34","","No suitable driver available for db, please check the driver setting in resources file, error: org.postgresql.Driver"
java.sql.SQLException: No suitable driver available for db, please check the driver setting in resources file, error: org.postgresql.Driver
	at coldfusion.server.j2ee.sql.pool.JDBCPool.createPhysicalConnection(JDBCPool.java:686)
	at coldfusion.server.j2ee.sql.pool.ConnectionRunner$RunnableConnection.run(ConnectionRunner.java:67)
	at java.base/java.lang.Thread.run(Thread.java:834)
"Error","http-nio-8500-exec-7","12/12/24","20:38:34","","No suitable driver available for db, please check the driver setting in resources file, error: org.postgresql.Driver"
java.sql.SQLException: No suitable driver available for db, please check the driver setting in resources file, error: org.postgresql.Driver
	at coldfusion.server.j2ee.sql.pool.JDBCPool.createPhysicalConnection(JDBCPool.java:686)
	at coldfusion.server.j2ee.sql.pool.ConnectionRunner$RunnableConnection.run(ConnectionRunner.java:67)
	at java.base/java.lang.Thread.run(Thread.java:834)
"Error","http-nio-8500-exec-1","12/12/24","20:39:05","","No suitable driver available for db, please check the driver setting in resources file, error: org.postgresql.Driver"
java.sql.SQLException: No suitable driver available for db, please check the driver setting in resources file, error: org.postgresql.Driver
	at coldfusion.server.j2ee.sql.pool.JDBCPool.createPhysicalConnection(JDBCPool.java:686)
	at coldfusion.server.j2ee.sql.pool.ConnectionRunner$RunnableConnection.run(ConnectionRunner.java:67)
	at java.base/java.lang.Thread.run(Thread.java:834)
"Error","http-nio-8500-exec-1","12/12/24","20:39:05","","No suitable driver available for db, please check the driver setting in resources file, error: org.postgresql.Driver"
java.sql.SQLException: No suitable driver available for db, please check the driver setting in resources file, error: org.postgresql.Driver
	at coldfusion.server.j2ee.sql.pool.JDBCPool.createPhysicalConnection(JDBCPool.java:686)
	at coldfusion.server.j2ee.sql.pool.ConnectionRunner$RunnableConnection.run(ConnectionRunner.java:67)
	at java.base/java.lang.Thread.run(Thread.java:834)
"Error","http-nio-8500-exec-3","12/12/24","20:39:19","","Datasource db could not be found. Ensure that you have spelled the name correctly and that the data source is registered in the ColdFusion Administrator Data Sources page."
coldfusion.sql.DataSourceFactory$DataSourceException: Datasource db could not be found.
	at coldfusion.sql.DataSourceFactory.getDataSource(DataSourceFactory.java:89)
	at coldfusion.sql.Executive.updateDataSourcesForMonitoring(Executive.java:547)
	at coldfusion.sql.Executive.store(Executive.java:461)
	at coldfusion.sql.Executive.mapModified(Executive.java:405)
	at coldfusion.server.ConfigMap.setChanged(ConfigMap.java:77)
	at coldfusion.server.ConfigMap.remove(ConfigMap.java:280)
	at coldfusion.runtime.StructUtils.StructDelete(StructUtils.java:125)
	at coldfusion.runtime.CFPage.StructDelete(CFPage.java:6190)
	at cfpostgresql2ecfm1425501576._factor6(/CFIDE/administrator/datasources/postgresql.cfm:237)
	at cfpostgresql2ecfm1425501576._factor17(/CFIDE/administrator/datasources/postgresql.cfm:44)
	at cfpostgresql2ecfm1425501576.runPage(/CFIDE/administrator/datasources/postgresql.cfm:1)
	at coldfusion.runtime.CfJspPage.invoke(CfJspPage.java:262)
	at coldfusion.tagext.lang.IncludeTag.handlePageInvoke(IncludeTag.java:735)
	at coldfusion.tagext.lang.IncludeTag.doStartTag(IncludeTag.java:565)
	at coldfusion.filter.CfincludeFilter.invoke(CfincludeFilter.java:65)
	at coldfusion.filter.ApplicationFilter.invoke(ApplicationFilter.java:595)
	at coldfusion.filter.RequestMonitorFilter.invoke(RequestMonitorFilter.java:43)
	at coldfusion.filter.MonitoringFilter.invoke(MonitoringFilter.java:40)
	at coldfusion.filter.PathFilter.invoke(PathFilter.java:162)
	at coldfusion.filter.IpFilter.invoke(IpFilter.java:45)
	at coldfusion.filter.ExceptionFilter.invoke(ExceptionFilter.java:96)
	at coldfusion.filter.ClientScopePersistenceFilter.invoke(ClientScopePersistenceFilter.java:28)
	at coldfusion.filter.BrowserFilter.invoke(BrowserFilter.java:38)
	at coldfusion.filter.NoCacheFilter.invoke(NoCacheFilter.java:60)
	at coldfusion.filter.GlobalsFilter.invoke(GlobalsFilter.java:38)
	at coldfusion.filter.DatasourceFilter.invoke(DatasourceFilter.java:22)
	at coldfusion.filter.CachingFilter.invoke(CachingFilter.java:62)
	at coldfusion.filter.RequestThrottleFilter.invoke(RequestThrottleFilter.java:151)
	at coldfusion.CfmServlet.service(CfmServlet.java:226)
	at coldfusion.bootstrap.BootstrapServlet.service(BootstrapServlet.java:311)
	at org.apache.catalina.core.ApplicationFilterChain.internalDoFilter(ApplicationFilterChain.java:227)
	at org.apache.catalina.core.ApplicationFilterChain.doFilter(ApplicationFilterChain.java:162)
	at coldfusion.monitor.event.MonitoringServletFilter.doFilter(MonitoringServletFilter.java:46)
	at coldfusion.bootstrap.BootstrapFilter.doFilter(BootstrapFilter.java:47)
	at org.apache.catalina.core.ApplicationFilterChain.internalDoFilter(ApplicationFilterChain.java:189)
	at org.apache.catalina.core.ApplicationFilterChain.doFilter(ApplicationFilterChain.java:162)
	at coldfusion.inspect.weinre.MobileDeviceDomInspectionFilter.doFilter(MobileDeviceDomInspectionFilter.java:121)
	at coldfusion.bootstrap.BootstrapFilter.doFilter(BootstrapFilter.java:47)
	at org.apache.catalina.core.ApplicationFilterChain.internalDoFilter(ApplicationFilterChain.java:189)
	at org.apache.catalina.core.ApplicationFilterChain.doFilter(ApplicationFilterChain.java:162)
	at org.apache.tomcat.websocket.server.WsFilter.doFilter(WsFilter.java:53)
	at org.apache.catalina.core.ApplicationFilterChain.internalDoFilter(ApplicationFilterChain.java:189)
	at org.apache.catalina.core.ApplicationFilterChain.doFilter(ApplicationFilterChain.java:162)
	at coldfusion.filter.ClickjackingProtectionFilter.doFilter(ClickjackingProtectionFilter.java:75)
	at coldfusion.bootstrap.BootstrapFilter.doFilter(BootstrapFilter.java:47)
	at org.apache.catalina.core.ApplicationFilterChain.internalDoFilter(ApplicationFilterChain.java:189)
	at org.apache.catalina.core.ApplicationFilterChain.doFilter(ApplicationFilterChain.java:162)
	at org.apache.catalina.core.StandardWrapperValve.invoke(StandardWrapperValve.java:197)
	at org.apache.catalina.core.StandardContextValve.invoke(StandardContextValve.java:97)
	at org.apache.catalina.authenticator.AuthenticatorBase.invoke(AuthenticatorBase.java:541)
	at org.apache.catalina.core.StandardHostValve.invoke(StandardHostValve.java:135)
	at org.apache.catalina.valves.ErrorReportValve.invoke(ErrorReportValve.java:92)
	at org.apache.catalina.core.StandardEngineValve.invoke(StandardEngineValve.java:78)
	at org.apache.catalina.connector.CoyoteAdapter.service(CoyoteAdapter.java:377)
	at org.apache.coyote.http11.Http11Processor.service(Http11Processor.java:399)
	at org.apache.coyote.AbstractProcessorLight.process(AbstractProcessorLight.java:65)
	at org.apache.coyote.AbstractProtocol$ConnectionHandler.process(AbstractProtocol.java:889)
	at org.apache.tomcat.util.net.NioEndpoint$SocketProcessor.doRun(NioEndpoint.java:1743)
	at org.apache.tomcat.util.net.SocketProcessorBase.run(SocketProcessorBase.java:49)
	at org.apache.tomcat.util.threads.ThreadPoolExecutor.runWorker(ThreadPoolExecutor.java:1191)
	at org.apache.tomcat.util.threads.ThreadPoolExecutor$Worker.run(ThreadPoolExecutor.java:659)
	at org.apache.tomcat.util.threads.TaskThread$WrappingRunnable.run(TaskThread.java:61)
	at java.base/java.lang.Thread.run(Thread.java:834)
"Error","http-nio-8500-exec-8","12/12/24","20:39:20","","No suitable driver available for postgres, please check the driver setting in resources file, error: org.postgresql.Driver"
java.sql.SQLException: No suitable driver available for postgres, please check the driver setting in resources file, error: org.postgresql.Driver
	at coldfusion.server.j2ee.sql.pool.JDBCPool.createPhysicalConnection(JDBCPool.java:686)
	at coldfusion.server.j2ee.sql.pool.ConnectionRunner$RunnableConnection.run(ConnectionRunner.java:67)
	at java.base/java.lang.Thread.run(Thread.java:834)
"Error","http-nio-8500-exec-8","12/12/24","20:39:20","","No suitable driver available for postgres, please check the driver setting in resources file, error: org.postgresql.Driver"
java.sql.SQLException: No suitable driver available for postgres, please check the driver setting in resources file, error: org.postgresql.Driver
	at coldfusion.server.j2ee.sql.pool.JDBCPool.createPhysicalConnection(JDBCPool.java:686)
	at coldfusion.server.j2ee.sql.pool.ConnectionRunner$RunnableConnection.run(ConnectionRunner.java:67)
	at java.base/java.lang.Thread.run(Thread.java:834)
"Error","http-nio-8500-exec-5","12/12/24","20:39:43","","No suitable driver available for postgres, please check the driver setting in resources file, error: org.postgresql.Driver"
java.sql.SQLException: No suitable driver available for postgres, please check the driver setting in resources file, error: org.postgresql.Driver
	at coldfusion.server.j2ee.sql.pool.JDBCPool.createPhysicalConnection(JDBCPool.java:686)
	at coldfusion.server.j2ee.sql.pool.ConnectionRunner$RunnableConnection.run(ConnectionRunner.java:67)
	at java.base/java.lang.Thread.run(Thread.java:834)
"Error","http-nio-8500-exec-5","12/12/24","20:39:43","","No suitable driver available for postgres, please check the driver setting in resources file, error: org.postgresql.Driver"
java.sql.SQLException: No suitable driver available for postgres, please check the driver setting in resources file, error: org.postgresql.Driver
	at coldfusion.server.j2ee.sql.pool.JDBCPool.createPhysicalConnection(JDBCPool.java:686)
	at coldfusion.server.j2ee.sql.pool.ConnectionRunner$RunnableConnection.run(ConnectionRunner.java:67)
	at java.base/java.lang.Thread.run(Thread.java:834)
"Error","http-nio-8500-exec-6","12/12/24","20:53:29","","Connection to localhost:5432 refused. Check that the hostname and port are correct and that the postmaster is accepting TCP/IP connections."
org.postgresql.util.PSQLException: Connection to localhost:5432 refused. Check that the hostname and port are correct and that the postmaster is accepting TCP/IP connections.
	at org.postgresql.core.v3.ConnectionFactoryImpl.openConnectionImpl(ConnectionFactoryImpl.java:352)
	at org.postgresql.core.ConnectionFactory.openConnection(ConnectionFactory.java:54)
	at org.postgresql.jdbc.PgConnection.<init>(PgConnection.java:273)
	at org.postgresql.Driver.makeConnection(Driver.java:446)
	at org.postgresql.Driver.connect(Driver.java:298)
	at coldfusion.server.j2ee.sql.pool.JDBCPool.createPhysicalConnection(JDBCPool.java:635)
	at coldfusion.server.j2ee.sql.pool.ConnectionRunner$RunnableConnection.run(ConnectionRunner.java:67)
	at java.base/java.lang.Thread.run(Thread.java:834)
Caused by: java.net.ConnectException: Connection refused (Connection refused)
	at java.base/java.net.PlainSocketImpl.socketConnect(Native Method)
	at java.base/java.net.AbstractPlainSocketImpl.doConnect(AbstractPlainSocketImpl.java:399)
	at java.base/java.net.AbstractPlainSocketImpl.connectToAddress(AbstractPlainSocketImpl.java:242)
	at java.base/java.net.AbstractPlainSocketImpl.connect(AbstractPlainSocketImpl.java:224)
	at java.base/java.net.SocksSocketImpl.connect(SocksSocketImpl.java:392)
	at java.base/java.net.Socket.connect(Socket.java:608)
	at org.postgresql.core.PGStream.createSocket(PGStream.java:260)
	at org.postgresql.core.PGStream.<init>(PGStream.java:121)
	at org.postgresql.core.v3.ConnectionFactoryImpl.tryConnect(ConnectionFactoryImpl.java:140)
	at org.postgresql.core.v3.ConnectionFactoryImpl.openConnectionImpl(ConnectionFactoryImpl.java:268)
	... 7 more
"Error","http-nio-8500-exec-6","12/12/24","20:53:29","","Connection to localhost:5432 refused. Check that the hostname and port are correct and that the postmaster is accepting TCP/IP connections."
org.postgresql.util.PSQLException: Connection to localhost:5432 refused. Check that the hostname and port are correct and that the postmaster is accepting TCP/IP connections.
	at org.postgresql.core.v3.ConnectionFactoryImpl.openConnectionImpl(ConnectionFactoryImpl.java:352)
	at org.postgresql.core.ConnectionFactory.openConnection(ConnectionFactory.java:54)
	at org.postgresql.jdbc.PgConnection.<init>(PgConnection.java:273)
	at org.postgresql.Driver.makeConnection(Driver.java:446)
	at org.postgresql.Driver.connect(Driver.java:298)
	at coldfusion.server.j2ee.sql.pool.JDBCPool.createPhysicalConnection(JDBCPool.java:635)
	at coldfusion.server.j2ee.sql.pool.ConnectionRunner$RunnableConnection.run(ConnectionRunner.java:67)
	at java.base/java.lang.Thread.run(Thread.java:834)
Caused by: java.net.ConnectException: Connection refused (Connection refused)
	at java.base/java.net.PlainSocketImpl.socketConnect(Native Method)
	at java.base/java.net.AbstractPlainSocketImpl.doConnect(AbstractPlainSocketImpl.java:399)
	at java.base/java.net.AbstractPlainSocketImpl.connectToAddress(AbstractPlainSocketImpl.java:242)
	at java.base/java.net.AbstractPlainSocketImpl.connect(AbstractPlainSocketImpl.java:224)
	at java.base/java.net.SocksSocketImpl.connect(SocksSocketImpl.java:392)
	at java.base/java.net.Socket.connect(Socket.java:608)
	at org.postgresql.core.PGStream.createSocket(PGStream.java:260)
	at org.postgresql.core.PGStream.<init>(PGStream.java:121)
	at org.postgresql.core.v3.ConnectionFactoryImpl.tryConnect(ConnectionFactoryImpl.java:140)
	at org.postgresql.core.v3.ConnectionFactoryImpl.openConnectionImpl(ConnectionFactoryImpl.java:268)
	... 7 more
"Error","http-nio-8500-exec-8","12/12/24","20:53:43","","Connection to localhost:5432 refused. Check that the hostname and port are correct and that the postmaster is accepting TCP/IP connections."
org.postgresql.util.PSQLException: Connection to localhost:5432 refused. Check that the hostname and port are correct and that the postmaster is accepting TCP/IP connections.
	at org.postgresql.core.v3.ConnectionFactoryImpl.openConnectionImpl(ConnectionFactoryImpl.java:352)
	at org.postgresql.core.ConnectionFactory.openConnection(ConnectionFactory.java:54)
	at org.postgresql.jdbc.PgConnection.<init>(PgConnection.java:273)
	at org.postgresql.Driver.makeConnection(Driver.java:446)
	at org.postgresql.Driver.connect(Driver.java:298)
	at coldfusion.server.j2ee.sql.pool.JDBCPool.createPhysicalConnection(JDBCPool.java:635)
	at coldfusion.server.j2ee.sql.pool.ConnectionRunner$RunnableConnection.run(ConnectionRunner.java:67)
	at java.base/java.lang.Thread.run(Thread.java:834)
Caused by: java.net.ConnectException: Connection refused (Connection refused)
	at java.base/java.net.PlainSocketImpl.socketConnect(Native Method)
	at java.base/java.net.AbstractPlainSocketImpl.doConnect(AbstractPlainSocketImpl.java:399)
	at java.base/java.net.AbstractPlainSocketImpl.connectToAddress(AbstractPlainSocketImpl.java:242)
	at java.base/java.net.AbstractPlainSocketImpl.connect(AbstractPlainSocketImpl.java:224)
	at java.base/java.net.SocksSocketImpl.connect(SocksSocketImpl.java:392)
	at java.base/java.net.Socket.connect(Socket.java:608)
	at org.postgresql.core.PGStream.createSocket(PGStream.java:260)
	at org.postgresql.core.PGStream.<init>(PGStream.java:121)
	at org.postgresql.core.v3.ConnectionFactoryImpl.tryConnect(ConnectionFactoryImpl.java:140)
	at org.postgresql.core.v3.ConnectionFactoryImpl.openConnectionImpl(ConnectionFactoryImpl.java:268)
	... 7 more
"Error","http-nio-8500-exec-8","12/12/24","20:53:43","","Connection to localhost:5432 refused. Check that the hostname and port are correct and that the postmaster is accepting TCP/IP connections."
org.postgresql.util.PSQLException: Connection to localhost:5432 refused. Check that the hostname and port are correct and that the postmaster is accepting TCP/IP connections.
	at org.postgresql.core.v3.ConnectionFactoryImpl.openConnectionImpl(ConnectionFactoryImpl.java:352)
	at org.postgresql.core.ConnectionFactory.openConnection(ConnectionFactory.java:54)
	at org.postgresql.jdbc.PgConnection.<init>(PgConnection.java:273)
	at org.postgresql.Driver.makeConnection(Driver.java:446)
	at org.postgresql.Driver.connect(Driver.java:298)
	at coldfusion.server.j2ee.sql.pool.JDBCPool.createPhysicalConnection(JDBCPool.java:635)
	at coldfusion.server.j2ee.sql.pool.ConnectionRunner$RunnableConnection.run(ConnectionRunner.java:67)
	at java.base/java.lang.Thread.run(Thread.java:834)
Caused by: java.net.ConnectException: Connection refused (Connection refused)
	at java.base/java.net.PlainSocketImpl.socketConnect(Native Method)
	at java.base/java.net.AbstractPlainSocketImpl.doConnect(AbstractPlainSocketImpl.java:399)
	at java.base/java.net.AbstractPlainSocketImpl.connectToAddress(AbstractPlainSocketImpl.java:242)
	at java.base/java.net.AbstractPlainSocketImpl.connect(AbstractPlainSocketImpl.java:224)
	at java.base/java.net.SocksSocketImpl.connect(SocksSocketImpl.java:392)
	at java.base/java.net.Socket.connect(Socket.java:608)
	at org.postgresql.core.PGStream.createSocket(PGStream.java:260)
	at org.postgresql.core.PGStream.<init>(PGStream.java:121)
	at org.postgresql.core.v3.ConnectionFactoryImpl.tryConnect(ConnectionFactoryImpl.java:140)
	at org.postgresql.core.v3.ConnectionFactoryImpl.openConnectionImpl(ConnectionFactoryImpl.java:268)
	... 7 more
"Error","http-nio-8500-exec-3","12/12/24","20:54:24","","Connection to localhost:5432 refused. Check that the hostname and port are correct and that the postmaster is accepting TCP/IP connections."
org.postgresql.util.PSQLException: Connection to localhost:5432 refused. Check that the hostname and port are correct and that the postmaster is accepting TCP/IP connections.
	at org.postgresql.core.v3.ConnectionFactoryImpl.openConnectionImpl(ConnectionFactoryImpl.java:352)
	at org.postgresql.core.ConnectionFactory.openConnection(ConnectionFactory.java:54)
	at org.postgresql.jdbc.PgConnection.<init>(PgConnection.java:273)
	at org.postgresql.Driver.makeConnection(Driver.java:446)
	at org.postgresql.Driver.connect(Driver.java:298)
	at coldfusion.server.j2ee.sql.pool.JDBCPool.createPhysicalConnection(JDBCPool.java:635)
	at coldfusion.server.j2ee.sql.pool.ConnectionRunner$RunnableConnection.run(ConnectionRunner.java:67)
	at java.base/java.lang.Thread.run(Thread.java:834)
Caused by: java.net.ConnectException: Connection refused (Connection refused)
	at java.base/java.net.PlainSocketImpl.socketConnect(Native Method)
	at java.base/java.net.AbstractPlainSocketImpl.doConnect(AbstractPlainSocketImpl.java:399)
	at java.base/java.net.AbstractPlainSocketImpl.connectToAddress(AbstractPlainSocketImpl.java:242)
	at java.base/java.net.AbstractPlainSocketImpl.connect(AbstractPlainSocketImpl.java:224)
	at java.base/java.net.SocksSocketImpl.connect(SocksSocketImpl.java:392)
	at java.base/java.net.Socket.connect(Socket.java:608)
	at org.postgresql.core.PGStream.createSocket(PGStream.java:260)
	at org.postgresql.core.PGStream.<init>(PGStream.java:121)
	at org.postgresql.core.v3.ConnectionFactoryImpl.tryConnect(ConnectionFactoryImpl.java:140)
	at org.postgresql.core.v3.ConnectionFactoryImpl.openConnectionImpl(ConnectionFactoryImpl.java:268)
	... 7 more
"Error","http-nio-8500-exec-3","12/12/24","20:54:24","","Connection to localhost:5432 refused. Check that the hostname and port are correct and that the postmaster is accepting TCP/IP connections."
org.postgresql.util.PSQLException: Connection to localhost:5432 refused. Check that the hostname and port are correct and that the postmaster is accepting TCP/IP connections.
	at org.postgresql.core.v3.ConnectionFactoryImpl.openConnectionImpl(ConnectionFactoryImpl.java:352)
	at org.postgresql.core.ConnectionFactory.openConnection(ConnectionFactory.java:54)
	at org.postgresql.jdbc.PgConnection.<init>(PgConnection.java:273)
	at org.postgresql.Driver.makeConnection(Driver.java:446)
	at org.postgresql.Driver.connect(Driver.java:298)
	at coldfusion.server.j2ee.sql.pool.JDBCPool.createPhysicalConnection(JDBCPool.java:635)
	at coldfusion.server.j2ee.sql.pool.ConnectionRunner$RunnableConnection.run(ConnectionRunner.java:67)
	at java.base/java.lang.Thread.run(Thread.java:834)
Caused by: java.net.ConnectException: Connection refused (Connection refused)
	at java.base/java.net.PlainSocketImpl.socketConnect(Native Method)
	at java.base/java.net.AbstractPlainSocketImpl.doConnect(AbstractPlainSocketImpl.java:399)
	at java.base/java.net.AbstractPlainSocketImpl.connectToAddress(AbstractPlainSocketImpl.java:242)
	at java.base/java.net.AbstractPlainSocketImpl.connect(AbstractPlainSocketImpl.java:224)
	at java.base/java.net.SocksSocketImpl.connect(SocksSocketImpl.java:392)
	at java.base/java.net.Socket.connect(Socket.java:608)
	at org.postgresql.core.PGStream.createSocket(PGStream.java:260)
	at org.postgresql.core.PGStream.<init>(PGStream.java:121)
	at org.postgresql.core.v3.ConnectionFactoryImpl.tryConnect(ConnectionFactoryImpl.java:140)
	at org.postgresql.core.v3.ConnectionFactoryImpl.openConnectionImpl(ConnectionFactoryImpl.java:268)
	... 7 more
"Error","http-nio-8500-exec-1","12/12/24","20:56:14","","Connection to localhost:5432 refused. Check that the hostname and port are correct and that the postmaster is accepting TCP/IP connections."
org.postgresql.util.PSQLException: Connection to localhost:5432 refused. Check that the hostname and port are correct and that the postmaster is accepting TCP/IP connections.
	at org.postgresql.core.v3.ConnectionFactoryImpl.openConnectionImpl(ConnectionFactoryImpl.java:352)
	at org.postgresql.core.ConnectionFactory.openConnection(ConnectionFactory.java:54)
	at org.postgresql.jdbc.PgConnection.<init>(PgConnection.java:273)
	at org.postgresql.Driver.makeConnection(Driver.java:446)
	at org.postgresql.Driver.connect(Driver.java:298)
	at coldfusion.server.j2ee.sql.pool.JDBCPool.createPhysicalConnection(JDBCPool.java:635)
	at coldfusion.server.j2ee.sql.pool.ConnectionRunner$RunnableConnection.run(ConnectionRunner.java:67)
	at java.base/java.lang.Thread.run(Thread.java:834)
Caused by: java.net.ConnectException: Connection refused (Connection refused)
	at java.base/java.net.PlainSocketImpl.socketConnect(Native Method)
	at java.base/java.net.AbstractPlainSocketImpl.doConnect(AbstractPlainSocketImpl.java:399)
	at java.base/java.net.AbstractPlainSocketImpl.connectToAddress(AbstractPlainSocketImpl.java:242)
	at java.base/java.net.AbstractPlainSocketImpl.connect(AbstractPlainSocketImpl.java:224)
	at java.base/java.net.SocksSocketImpl.connect(SocksSocketImpl.java:392)
	at java.base/java.net.Socket.connect(Socket.java:608)
	at org.postgresql.core.PGStream.createSocket(PGStream.java:260)
	at org.postgresql.core.PGStream.<init>(PGStream.java:121)
	at org.postgresql.core.v3.ConnectionFactoryImpl.tryConnect(ConnectionFactoryImpl.java:140)
	at org.postgresql.core.v3.ConnectionFactoryImpl.openConnectionImpl(ConnectionFactoryImpl.java:268)
	... 7 more
"Error","http-nio-8500-exec-1","12/12/24","20:56:14","","Connection to localhost:5432 refused. Check that the hostname and port are correct and that the postmaster is accepting TCP/IP connections."
org.postgresql.util.PSQLException: Connection to localhost:5432 refused. Check that the hostname and port are correct and that the postmaster is accepting TCP/IP connections.
	at org.postgresql.core.v3.ConnectionFactoryImpl.openConnectionImpl(ConnectionFactoryImpl.java:352)
	at org.postgresql.core.ConnectionFactory.openConnection(ConnectionFactory.java:54)
	at org.postgresql.jdbc.PgConnection.<init>(PgConnection.java:273)
	at org.postgresql.Driver.makeConnection(Driver.java:446)
	at org.postgresql.Driver.connect(Driver.java:298)
	at coldfusion.server.j2ee.sql.pool.JDBCPool.createPhysicalConnection(JDBCPool.java:635)
	at coldfusion.server.j2ee.sql.pool.ConnectionRunner$RunnableConnection.run(ConnectionRunner.java:67)
	at java.base/java.lang.Thread.run(Thread.java:834)
Caused by: java.net.ConnectException: Connection refused (Connection refused)
	at java.base/java.net.PlainSocketImpl.socketConnect(Native Method)
	at java.base/java.net.AbstractPlainSocketImpl.doConnect(AbstractPlainSocketImpl.java:399)
	at java.base/java.net.AbstractPlainSocketImpl.connectToAddress(AbstractPlainSocketImpl.java:242)
	at java.base/java.net.AbstractPlainSocketImpl.connect(AbstractPlainSocketImpl.java:224)
	at java.base/java.net.SocksSocketImpl.connect(SocksSocketImpl.java:392)
	at java.base/java.net.Socket.connect(Socket.java:608)
	at org.postgresql.core.PGStream.createSocket(PGStream.java:260)
	at org.postgresql.core.PGStream.<init>(PGStream.java:121)
	at org.postgresql.core.v3.ConnectionFactoryImpl.tryConnect(ConnectionFactoryImpl.java:140)
	at org.postgresql.core.v3.ConnectionFactoryImpl.openConnectionImpl(ConnectionFactoryImpl.java:268)
	... 7 more
"Error","http-nio-8500-exec-3","12/12/24","20:59:42","","Datasource postgres could not be found. Ensure that you have spelled the name correctly and that the data source is registered in the ColdFusion Administrator Data Sources page."
coldfusion.sql.DataSourceFactory$DataSourceException: Datasource postgres could not be found.
	at coldfusion.sql.DataSourceFactory.getDataSource(DataSourceFactory.java:89)
	at coldfusion.sql.Executive.updateDataSourcesForMonitoring(Executive.java:547)
	at coldfusion.sql.Executive.store(Executive.java:461)
	at coldfusion.sql.Executive.mapModified(Executive.java:405)
	at coldfusion.server.ConfigMap.setChanged(ConfigMap.java:77)
	at coldfusion.server.ConfigMap.remove(ConfigMap.java:280)
	at coldfusion.runtime.StructUtils.StructDelete(StructUtils.java:125)
	at coldfusion.runtime.CFPage.StructDelete(CFPage.java:6190)
	at cfpostgresql2ecfm1425501576._factor6(/CFIDE/administrator/datasources/postgresql.cfm:237)
	at cfpostgresql2ecfm1425501576._factor17(/CFIDE/administrator/datasources/postgresql.cfm:44)
	at cfpostgresql2ecfm1425501576.runPage(/CFIDE/administrator/datasources/postgresql.cfm:1)
	at coldfusion.runtime.CfJspPage.invoke(CfJspPage.java:262)
	at coldfusion.tagext.lang.IncludeTag.handlePageInvoke(IncludeTag.java:735)
	at coldfusion.tagext.lang.IncludeTag.doStartTag(IncludeTag.java:565)
	at coldfusion.filter.CfincludeFilter.invoke(CfincludeFilter.java:65)
	at coldfusion.filter.ApplicationFilter.invoke(ApplicationFilter.java:595)
	at coldfusion.filter.RequestMonitorFilter.invoke(RequestMonitorFilter.java:43)
	at coldfusion.filter.MonitoringFilter.invoke(MonitoringFilter.java:40)
	at coldfusion.filter.PathFilter.invoke(PathFilter.java:162)
	at coldfusion.filter.IpFilter.invoke(IpFilter.java:45)
	at coldfusion.filter.ExceptionFilter.invoke(ExceptionFilter.java:96)
	at coldfusion.filter.ClientScopePersistenceFilter.invoke(ClientScopePersistenceFilter.java:28)
	at coldfusion.filter.BrowserFilter.invoke(BrowserFilter.java:38)
	at coldfusion.filter.NoCacheFilter.invoke(NoCacheFilter.java:60)
	at coldfusion.filter.GlobalsFilter.invoke(GlobalsFilter.java:38)
	at coldfusion.filter.DatasourceFilter.invoke(DatasourceFilter.java:22)
	at coldfusion.filter.CachingFilter.invoke(CachingFilter.java:62)
	at coldfusion.filter.RequestThrottleFilter.invoke(RequestThrottleFilter.java:151)
	at coldfusion.CfmServlet.service(CfmServlet.java:226)
	at coldfusion.bootstrap.BootstrapServlet.service(BootstrapServlet.java:311)
	at org.apache.catalina.core.ApplicationFilterChain.internalDoFilter(ApplicationFilterChain.java:227)
	at org.apache.catalina.core.ApplicationFilterChain.doFilter(ApplicationFilterChain.java:162)
	at coldfusion.monitor.event.MonitoringServletFilter.doFilter(MonitoringServletFilter.java:46)
	at coldfusion.bootstrap.BootstrapFilter.doFilter(BootstrapFilter.java:47)
	at org.apache.catalina.core.ApplicationFilterChain.internalDoFilter(ApplicationFilterChain.java:189)
	at org.apache.catalina.core.ApplicationFilterChain.doFilter(ApplicationFilterChain.java:162)
	at coldfusion.inspect.weinre.MobileDeviceDomInspectionFilter.doFilter(MobileDeviceDomInspectionFilter.java:121)
	at coldfusion.bootstrap.BootstrapFilter.doFilter(BootstrapFilter.java:47)
	at org.apache.catalina.core.ApplicationFilterChain.internalDoFilter(ApplicationFilterChain.java:189)
	at org.apache.catalina.core.ApplicationFilterChain.doFilter(ApplicationFilterChain.java:162)
	at org.apache.tomcat.websocket.server.WsFilter.doFilter(WsFilter.java:53)
	at org.apache.catalina.core.ApplicationFilterChain.internalDoFilter(ApplicationFilterChain.java:189)
	at org.apache.catalina.core.ApplicationFilterChain.doFilter(ApplicationFilterChain.java:162)
	at coldfusion.filter.ClickjackingProtectionFilter.doFilter(ClickjackingProtectionFilter.java:75)
	at coldfusion.bootstrap.BootstrapFilter.doFilter(BootstrapFilter.java:47)
	at org.apache.catalina.core.ApplicationFilterChain.internalDoFilter(ApplicationFilterChain.java:189)
	at org.apache.catalina.core.ApplicationFilterChain.doFilter(ApplicationFilterChain.java:162)
	at org.apache.catalina.core.StandardWrapperValve.invoke(StandardWrapperValve.java:197)
	at org.apache.catalina.core.StandardContextValve.invoke(StandardContextValve.java:97)
	at org.apache.catalina.authenticator.AuthenticatorBase.invoke(AuthenticatorBase.java:541)
	at org.apache.catalina.core.StandardHostValve.invoke(StandardHostValve.java:135)
	at org.apache.catalina.valves.ErrorReportValve.invoke(ErrorReportValve.java:92)
	at org.apache.catalina.core.StandardEngineValve.invoke(StandardEngineValve.java:78)
	at org.apache.catalina.connector.CoyoteAdapter.service(CoyoteAdapter.java:377)
	at org.apache.coyote.http11.Http11Processor.service(Http11Processor.java:399)
	at org.apache.coyote.AbstractProcessorLight.process(AbstractProcessorLight.java:65)
	at org.apache.coyote.AbstractProtocol$ConnectionHandler.process(AbstractProtocol.java:889)
	at org.apache.tomcat.util.net.NioEndpoint$SocketProcessor.doRun(NioEndpoint.java:1743)
	at org.apache.tomcat.util.net.SocketProcessorBase.run(SocketProcessorBase.java:49)
	at org.apache.tomcat.util.threads.ThreadPoolExecutor.runWorker(ThreadPoolExecutor.java:1191)
	at org.apache.tomcat.util.threads.ThreadPoolExecutor$Worker.run(ThreadPoolExecutor.java:659)
	at org.apache.tomcat.util.threads.TaskThread$WrappingRunnable.run(TaskThread.java:61)
	at java.base/java.lang.Thread.run(Thread.java:834)
"Error","http-nio-8500-exec-4","12/12/24","20:59:43","","Connection to localhost:5432 refused. Check that the hostname and port are correct and that the postmaster is accepting TCP/IP connections."
org.postgresql.util.PSQLException: Connection to localhost:5432 refused. Check that the hostname and port are correct and that the postmaster is accepting TCP/IP connections.
	at org.postgresql.core.v3.ConnectionFactoryImpl.openConnectionImpl(ConnectionFactoryImpl.java:352)
	at org.postgresql.core.ConnectionFactory.openConnection(ConnectionFactory.java:54)
	at org.postgresql.jdbc.PgConnection.<init>(PgConnection.java:273)
	at org.postgresql.Driver.makeConnection(Driver.java:446)
	at org.postgresql.Driver.connect(Driver.java:298)
	at coldfusion.server.j2ee.sql.pool.JDBCPool.createPhysicalConnection(JDBCPool.java:635)
	at coldfusion.server.j2ee.sql.pool.ConnectionRunner$RunnableConnection.run(ConnectionRunner.java:67)
	at java.base/java.lang.Thread.run(Thread.java:834)
Caused by: java.net.ConnectException: Connection refused (Connection refused)
	at java.base/java.net.PlainSocketImpl.socketConnect(Native Method)
	at java.base/java.net.AbstractPlainSocketImpl.doConnect(AbstractPlainSocketImpl.java:399)
	at java.base/java.net.AbstractPlainSocketImpl.connectToAddress(AbstractPlainSocketImpl.java:242)
	at java.base/java.net.AbstractPlainSocketImpl.connect(AbstractPlainSocketImpl.java:224)
	at java.base/java.net.SocksSocketImpl.connect(SocksSocketImpl.java:392)
	at java.base/java.net.Socket.connect(Socket.java:608)
	at org.postgresql.core.PGStream.createSocket(PGStream.java:260)
	at org.postgresql.core.PGStream.<init>(PGStream.java:121)
	at org.postgresql.core.v3.ConnectionFactoryImpl.tryConnect(ConnectionFactoryImpl.java:140)
	at org.postgresql.core.v3.ConnectionFactoryImpl.openConnectionImpl(ConnectionFactoryImpl.java:268)
	... 7 more
"Error","http-nio-8500-exec-4","12/12/24","20:59:43","","Connection to localhost:5432 refused. Check that the hostname and port are correct and that the postmaster is accepting TCP/IP connections."
org.postgresql.util.PSQLException: Connection to localhost:5432 refused. Check that the hostname and port are correct and that the postmaster is accepting TCP/IP connections.
	at org.postgresql.core.v3.ConnectionFactoryImpl.openConnectionImpl(ConnectionFactoryImpl.java:352)
	at org.postgresql.core.ConnectionFactory.openConnection(ConnectionFactory.java:54)
	at org.postgresql.jdbc.PgConnection.<init>(PgConnection.java:273)
	at org.postgresql.Driver.makeConnection(Driver.java:446)
	at org.postgresql.Driver.connect(Driver.java:298)
	at coldfusion.server.j2ee.sql.pool.JDBCPool.createPhysicalConnection(JDBCPool.java:635)
	at coldfusion.server.j2ee.sql.pool.ConnectionRunner$RunnableConnection.run(ConnectionRunner.java:67)
	at java.base/java.lang.Thread.run(Thread.java:834)
Caused by: java.net.ConnectException: Connection refused (Connection refused)
	at java.base/java.net.PlainSocketImpl.socketConnect(Native Method)
	at java.base/java.net.AbstractPlainSocketImpl.doConnect(AbstractPlainSocketImpl.java:399)
	at java.base/java.net.AbstractPlainSocketImpl.connectToAddress(AbstractPlainSocketImpl.java:242)
	at java.base/java.net.AbstractPlainSocketImpl.connect(AbstractPlainSocketImpl.java:224)
	at java.base/java.net.SocksSocketImpl.connect(SocksSocketImpl.java:392)
	at java.base/java.net.Socket.connect(Socket.java:608)
	at org.postgresql.core.PGStream.createSocket(PGStream.java:260)
	at org.postgresql.core.PGStream.<init>(PGStream.java:121)
	at org.postgresql.core.v3.ConnectionFactoryImpl.tryConnect(ConnectionFactoryImpl.java:140)
	at org.postgresql.core.v3.ConnectionFactoryImpl.openConnectionImpl(ConnectionFactoryImpl.java:268)
	... 7 more
"Error","http-nio-8500-exec-10","12/12/24","21:00:22","","Datasource jdbc:postgresql://db:5432/coldfusion_db could not be found. Ensure that you have spelled the name correctly and that the data source is registered in the ColdFusion Administrator Data Sources page."
coldfusion.sql.DataSourceFactory$DataSourceException: Datasource jdbc:postgresql://db:5432/coldfusion_db could not be found.
	at coldfusion.sql.DataSourceFactory.getDataSource(DataSourceFactory.java:89)
	at coldfusion.sql.Executive.updateDataSourcesForMonitoring(Executive.java:547)
	at coldfusion.sql.Executive.store(Executive.java:461)
	at coldfusion.sql.Executive.mapModified(Executive.java:405)
	at coldfusion.server.ConfigMap.setChanged(ConfigMap.java:77)
	at coldfusion.server.ConfigMap.remove(ConfigMap.java:280)
	at coldfusion.runtime.StructUtils.StructDelete(StructUtils.java:125)
	at coldfusion.runtime.CFPage.StructDelete(CFPage.java:6190)
	at cfpostgresql2ecfm1425501576._factor6(/CFIDE/administrator/datasources/postgresql.cfm:237)
	at cfpostgresql2ecfm1425501576._factor17(/CFIDE/administrator/datasources/postgresql.cfm:44)
	at cfpostgresql2ecfm1425501576.runPage(/CFIDE/administrator/datasources/postgresql.cfm:1)
	at coldfusion.runtime.CfJspPage.invoke(CfJspPage.java:262)
	at coldfusion.tagext.lang.IncludeTag.handlePageInvoke(IncludeTag.java:735)
	at coldfusion.tagext.lang.IncludeTag.doStartTag(IncludeTag.java:565)
	at coldfusion.filter.CfincludeFilter.invoke(CfincludeFilter.java:65)
	at coldfusion.filter.ApplicationFilter.invoke(ApplicationFilter.java:595)
	at coldfusion.filter.RequestMonitorFilter.invoke(RequestMonitorFilter.java:43)
	at coldfusion.filter.MonitoringFilter.invoke(MonitoringFilter.java:40)
	at coldfusion.filter.PathFilter.invoke(PathFilter.java:162)
	at coldfusion.filter.IpFilter.invoke(IpFilter.java:45)
	at coldfusion.filter.ExceptionFilter.invoke(ExceptionFilter.java:96)
	at coldfusion.filter.ClientScopePersistenceFilter.invoke(ClientScopePersistenceFilter.java:28)
	at coldfusion.filter.BrowserFilter.invoke(BrowserFilter.java:38)
	at coldfusion.filter.NoCacheFilter.invoke(NoCacheFilter.java:60)
	at coldfusion.filter.GlobalsFilter.invoke(GlobalsFilter.java:38)
	at coldfusion.filter.DatasourceFilter.invoke(DatasourceFilter.java:22)
	at coldfusion.filter.CachingFilter.invoke(CachingFilter.java:62)
	at coldfusion.filter.RequestThrottleFilter.invoke(RequestThrottleFilter.java:151)
	at coldfusion.CfmServlet.service(CfmServlet.java:226)
	at coldfusion.bootstrap.BootstrapServlet.service(BootstrapServlet.java:311)
	at org.apache.catalina.core.ApplicationFilterChain.internalDoFilter(ApplicationFilterChain.java:227)
	at org.apache.catalina.core.ApplicationFilterChain.doFilter(ApplicationFilterChain.java:162)
	at coldfusion.monitor.event.MonitoringServletFilter.doFilter(MonitoringServletFilter.java:46)
	at coldfusion.bootstrap.BootstrapFilter.doFilter(BootstrapFilter.java:47)
	at org.apache.catalina.core.ApplicationFilterChain.internalDoFilter(ApplicationFilterChain.java:189)
	at org.apache.catalina.core.ApplicationFilterChain.doFilter(ApplicationFilterChain.java:162)
	at coldfusion.inspect.weinre.MobileDeviceDomInspectionFilter.doFilter(MobileDeviceDomInspectionFilter.java:121)
	at coldfusion.bootstrap.BootstrapFilter.doFilter(BootstrapFilter.java:47)
	at org.apache.catalina.core.ApplicationFilterChain.internalDoFilter(ApplicationFilterChain.java:189)
	at org.apache.catalina.core.ApplicationFilterChain.doFilter(ApplicationFilterChain.java:162)
	at org.apache.tomcat.websocket.server.WsFilter.doFilter(WsFilter.java:53)
	at org.apache.catalina.core.ApplicationFilterChain.internalDoFilter(ApplicationFilterChain.java:189)
	at org.apache.catalina.core.ApplicationFilterChain.doFilter(ApplicationFilterChain.java:162)
	at coldfusion.filter.ClickjackingProtectionFilter.doFilter(ClickjackingProtectionFilter.java:75)
	at coldfusion.bootstrap.BootstrapFilter.doFilter(BootstrapFilter.java:47)
	at org.apache.catalina.core.ApplicationFilterChain.internalDoFilter(ApplicationFilterChain.java:189)
	at org.apache.catalina.core.ApplicationFilterChain.doFilter(ApplicationFilterChain.java:162)
	at org.apache.catalina.core.StandardWrapperValve.invoke(StandardWrapperValve.java:197)
	at org.apache.catalina.core.StandardContextValve.invoke(StandardContextValve.java:97)
	at org.apache.catalina.authenticator.AuthenticatorBase.invoke(AuthenticatorBase.java:541)
	at org.apache.catalina.core.StandardHostValve.invoke(StandardHostValve.java:135)
	at org.apache.catalina.valves.ErrorReportValve.invoke(ErrorReportValve.java:92)
	at org.apache.catalina.core.StandardEngineValve.invoke(StandardEngineValve.java:78)
	at org.apache.catalina.connector.CoyoteAdapter.service(CoyoteAdapter.java:377)
	at org.apache.coyote.http11.Http11Processor.service(Http11Processor.java:399)
	at org.apache.coyote.AbstractProcessorLight.process(AbstractProcessorLight.java:65)
	at org.apache.coyote.AbstractProtocol$ConnectionHandler.process(AbstractProtocol.java:889)
	at org.apache.tomcat.util.net.NioEndpoint$SocketProcessor.doRun(NioEndpoint.java:1743)
	at org.apache.tomcat.util.net.SocketProcessorBase.run(SocketProcessorBase.java:49)
	at org.apache.tomcat.util.threads.ThreadPoolExecutor.runWorker(ThreadPoolExecutor.java:1191)
	at org.apache.tomcat.util.threads.ThreadPoolExecutor$Worker.run(ThreadPoolExecutor.java:659)
	at org.apache.tomcat.util.threads.TaskThread$WrappingRunnable.run(TaskThread.java:61)
	at java.base/java.lang.Thread.run(Thread.java:834)
"Error","http-nio-8500-exec-7","12/12/24","21:00:22","","Connection to localhost:5432 refused. Check that the hostname and port are correct and that the postmaster is accepting TCP/IP connections."
org.postgresql.util.PSQLException: Connection to localhost:5432 refused. Check that the hostname and port are correct and that the postmaster is accepting TCP/IP connections.
	at org.postgresql.core.v3.ConnectionFactoryImpl.openConnectionImpl(ConnectionFactoryImpl.java:352)
	at org.postgresql.core.ConnectionFactory.openConnection(ConnectionFactory.java:54)
	at org.postgresql.jdbc.PgConnection.<init>(PgConnection.java:273)
	at org.postgresql.Driver.makeConnection(Driver.java:446)
	at org.postgresql.Driver.connect(Driver.java:298)
	at coldfusion.server.j2ee.sql.pool.JDBCPool.createPhysicalConnection(JDBCPool.java:635)
	at coldfusion.server.j2ee.sql.pool.ConnectionRunner$RunnableConnection.run(ConnectionRunner.java:67)
	at java.base/java.lang.Thread.run(Thread.java:834)
Caused by: java.net.ConnectException: Connection refused (Connection refused)
	at java.base/java.net.PlainSocketImpl.socketConnect(Native Method)
	at java.base/java.net.AbstractPlainSocketImpl.doConnect(AbstractPlainSocketImpl.java:399)
	at java.base/java.net.AbstractPlainSocketImpl.connectToAddress(AbstractPlainSocketImpl.java:242)
	at java.base/java.net.AbstractPlainSocketImpl.connect(AbstractPlainSocketImpl.java:224)
	at java.base/java.net.SocksSocketImpl.connect(SocksSocketImpl.java:392)
	at java.base/java.net.Socket.connect(Socket.java:608)
	at org.postgresql.core.PGStream.createSocket(PGStream.java:260)
	at org.postgresql.core.PGStream.<init>(PGStream.java:121)
	at org.postgresql.core.v3.ConnectionFactoryImpl.tryConnect(ConnectionFactoryImpl.java:140)
	at org.postgresql.core.v3.ConnectionFactoryImpl.openConnectionImpl(ConnectionFactoryImpl.java:268)
	... 7 more
"Error","http-nio-8500-exec-7","12/12/24","21:00:22","","Connection to localhost:5432 refused. Check that the hostname and port are correct and that the postmaster is accepting TCP/IP connections."
org.postgresql.util.PSQLException: Connection to localhost:5432 refused. Check that the hostname and port are correct and that the postmaster is accepting TCP/IP connections.
	at org.postgresql.core.v3.ConnectionFactoryImpl.openConnectionImpl(ConnectionFactoryImpl.java:352)
	at org.postgresql.core.ConnectionFactory.openConnection(ConnectionFactory.java:54)
	at org.postgresql.jdbc.PgConnection.<init>(PgConnection.java:273)
	at org.postgresql.Driver.makeConnection(Driver.java:446)
	at org.postgresql.Driver.connect(Driver.java:298)
	at coldfusion.server.j2ee.sql.pool.JDBCPool.createPhysicalConnection(JDBCPool.java:635)
	at coldfusion.server.j2ee.sql.pool.ConnectionRunner$RunnableConnection.run(ConnectionRunner.java:67)
	at java.base/java.lang.Thread.run(Thread.java:834)
Caused by: java.net.ConnectException: Connection refused (Connection refused)
	at java.base/java.net.PlainSocketImpl.socketConnect(Native Method)
	at java.base/java.net.AbstractPlainSocketImpl.doConnect(AbstractPlainSocketImpl.java:399)
	at java.base/java.net.AbstractPlainSocketImpl.connectToAddress(AbstractPlainSocketImpl.java:242)
	at java.base/java.net.AbstractPlainSocketImpl.connect(AbstractPlainSocketImpl.java:224)
	at java.base/java.net.SocksSocketImpl.connect(SocksSocketImpl.java:392)
	at java.base/java.net.Socket.connect(Socket.java:608)
	at org.postgresql.core.PGStream.createSocket(PGStream.java:260)
	at org.postgresql.core.PGStream.<init>(PGStream.java:121)
	at org.postgresql.core.v3.ConnectionFactoryImpl.tryConnect(ConnectionFactoryImpl.java:140)
	at org.postgresql.core.v3.ConnectionFactoryImpl.openConnectionImpl(ConnectionFactoryImpl.java:268)
	... 7 more
"Error","http-nio-8500-exec-2","12/12/24","21:00:53","","Datasource jdbc:postgresql://db:5432/postgres could not be found. Ensure that you have spelled the name correctly and that the data source is registered in the ColdFusion Administrator Data Sources page."
coldfusion.sql.DataSourceFactory$DataSourceException: Datasource jdbc:postgresql://db:5432/postgres could not be found.
	at coldfusion.sql.DataSourceFactory.getDataSource(DataSourceFactory.java:89)
	at coldfusion.sql.Executive.updateDataSourcesForMonitoring(Executive.java:547)
	at coldfusion.sql.Executive.store(Executive.java:461)
	at coldfusion.sql.Executive.mapModified(Executive.java:405)
	at coldfusion.server.ConfigMap.setChanged(ConfigMap.java:77)
	at coldfusion.server.ConfigMap.remove(ConfigMap.java:280)
	at coldfusion.runtime.StructUtils.StructDelete(StructUtils.java:125)
	at coldfusion.runtime.CFPage.StructDelete(CFPage.java:6190)
	at cfpostgresql2ecfm1425501576._factor6(/CFIDE/administrator/datasources/postgresql.cfm:237)
	at cfpostgresql2ecfm1425501576._factor17(/CFIDE/administrator/datasources/postgresql.cfm:44)
	at cfpostgresql2ecfm1425501576.runPage(/CFIDE/administrator/datasources/postgresql.cfm:1)
	at coldfusion.runtime.CfJspPage.invoke(CfJspPage.java:262)
	at coldfusion.tagext.lang.IncludeTag.handlePageInvoke(IncludeTag.java:735)
	at coldfusion.tagext.lang.IncludeTag.doStartTag(IncludeTag.java:565)
	at coldfusion.filter.CfincludeFilter.invoke(CfincludeFilter.java:65)
	at coldfusion.filter.ApplicationFilter.invoke(ApplicationFilter.java:595)
	at coldfusion.filter.RequestMonitorFilter.invoke(RequestMonitorFilter.java:43)
	at coldfusion.filter.MonitoringFilter.invoke(MonitoringFilter.java:40)
	at coldfusion.filter.PathFilter.invoke(PathFilter.java:162)
	at coldfusion.filter.IpFilter.invoke(IpFilter.java:45)
	at coldfusion.filter.ExceptionFilter.invoke(ExceptionFilter.java:96)
	at coldfusion.filter.ClientScopePersistenceFilter.invoke(ClientScopePersistenceFilter.java:28)
	at coldfusion.filter.BrowserFilter.invoke(BrowserFilter.java:38)
	at coldfusion.filter.NoCacheFilter.invoke(NoCacheFilter.java:60)
	at coldfusion.filter.GlobalsFilter.invoke(GlobalsFilter.java:38)
	at coldfusion.filter.DatasourceFilter.invoke(DatasourceFilter.java:22)
	at coldfusion.filter.CachingFilter.invoke(CachingFilter.java:62)
	at coldfusion.filter.RequestThrottleFilter.invoke(RequestThrottleFilter.java:151)
	at coldfusion.CfmServlet.service(CfmServlet.java:226)
	at coldfusion.bootstrap.BootstrapServlet.service(BootstrapServlet.java:311)
	at org.apache.catalina.core.ApplicationFilterChain.internalDoFilter(ApplicationFilterChain.java:227)
	at org.apache.catalina.core.ApplicationFilterChain.doFilter(ApplicationFilterChain.java:162)
	at coldfusion.monitor.event.MonitoringServletFilter.doFilter(MonitoringServletFilter.java:46)
	at coldfusion.bootstrap.BootstrapFilter.doFilter(BootstrapFilter.java:47)
	at org.apache.catalina.core.ApplicationFilterChain.internalDoFilter(ApplicationFilterChain.java:189)
	at org.apache.catalina.core.ApplicationFilterChain.doFilter(ApplicationFilterChain.java:162)
	at coldfusion.inspect.weinre.MobileDeviceDomInspectionFilter.doFilter(MobileDeviceDomInspectionFilter.java:121)
	at coldfusion.bootstrap.BootstrapFilter.doFilter(BootstrapFilter.java:47)
	at org.apache.catalina.core.ApplicationFilterChain.internalDoFilter(ApplicationFilterChain.java:189)
	at org.apache.catalina.core.ApplicationFilterChain.doFilter(ApplicationFilterChain.java:162)
	at org.apache.tomcat.websocket.server.WsFilter.doFilter(WsFilter.java:53)
	at org.apache.catalina.core.ApplicationFilterChain.internalDoFilter(ApplicationFilterChain.java:189)
	at org.apache.catalina.core.ApplicationFilterChain.doFilter(ApplicationFilterChain.java:162)
	at coldfusion.filter.ClickjackingProtectionFilter.doFilter(ClickjackingProtectionFilter.java:75)
	at coldfusion.bootstrap.BootstrapFilter.doFilter(BootstrapFilter.java:47)
	at org.apache.catalina.core.ApplicationFilterChain.internalDoFilter(ApplicationFilterChain.java:189)
	at org.apache.catalina.core.ApplicationFilterChain.doFilter(ApplicationFilterChain.java:162)
	at org.apache.catalina.core.StandardWrapperValve.invoke(StandardWrapperValve.java:197)
	at org.apache.catalina.core.StandardContextValve.invoke(StandardContextValve.java:97)
	at org.apache.catalina.authenticator.AuthenticatorBase.invoke(AuthenticatorBase.java:541)
	at org.apache.catalina.core.StandardHostValve.invoke(StandardHostValve.java:135)
	at org.apache.catalina.valves.ErrorReportValve.invoke(ErrorReportValve.java:92)
	at org.apache.catalina.core.StandardEngineValve.invoke(StandardEngineValve.java:78)
	at org.apache.catalina.connector.CoyoteAdapter.service(CoyoteAdapter.java:377)
	at org.apache.coyote.http11.Http11Processor.service(Http11Processor.java:399)
	at org.apache.coyote.AbstractProcessorLight.process(AbstractProcessorLight.java:65)
	at org.apache.coyote.AbstractProtocol$ConnectionHandler.process(AbstractProtocol.java:889)
	at org.apache.tomcat.util.net.NioEndpoint$SocketProcessor.doRun(NioEndpoint.java:1743)
	at org.apache.tomcat.util.net.SocketProcessorBase.run(SocketProcessorBase.java:49)
	at org.apache.tomcat.util.threads.ThreadPoolExecutor.runWorker(ThreadPoolExecutor.java:1191)
	at org.apache.tomcat.util.threads.ThreadPoolExecutor$Worker.run(ThreadPoolExecutor.java:659)
	at org.apache.tomcat.util.threads.TaskThread$WrappingRunnable.run(TaskThread.java:61)
	at java.base/java.lang.Thread.run(Thread.java:834)
"Error","http-nio-8500-exec-1","12/12/24","21:00:53","","Connection to localhost:5432 refused. Check that the hostname and port are correct and that the postmaster is accepting TCP/IP connections."
org.postgresql.util.PSQLException: Connection to localhost:5432 refused. Check that the hostname and port are correct and that the postmaster is accepting TCP/IP connections.
	at org.postgresql.core.v3.ConnectionFactoryImpl.openConnectionImpl(ConnectionFactoryImpl.java:352)
	at org.postgresql.core.ConnectionFactory.openConnection(ConnectionFactory.java:54)
	at org.postgresql.jdbc.PgConnection.<init>(PgConnection.java:273)
	at org.postgresql.Driver.makeConnection(Driver.java:446)
	at org.postgresql.Driver.connect(Driver.java:298)
	at coldfusion.server.j2ee.sql.pool.JDBCPool.createPhysicalConnection(JDBCPool.java:635)
	at coldfusion.server.j2ee.sql.pool.ConnectionRunner$RunnableConnection.run(ConnectionRunner.java:67)
	at java.base/java.lang.Thread.run(Thread.java:834)
Caused by: java.net.ConnectException: Connection refused (Connection refused)
	at java.base/java.net.PlainSocketImpl.socketConnect(Native Method)
	at java.base/java.net.AbstractPlainSocketImpl.doConnect(AbstractPlainSocketImpl.java:399)
	at java.base/java.net.AbstractPlainSocketImpl.connectToAddress(AbstractPlainSocketImpl.java:242)
	at java.base/java.net.AbstractPlainSocketImpl.connect(AbstractPlainSocketImpl.java:224)
	at java.base/java.net.SocksSocketImpl.connect(SocksSocketImpl.java:392)
	at java.base/java.net.Socket.connect(Socket.java:608)
	at org.postgresql.core.PGStream.createSocket(PGStream.java:260)
	at org.postgresql.core.PGStream.<init>(PGStream.java:121)
	at org.postgresql.core.v3.ConnectionFactoryImpl.tryConnect(ConnectionFactoryImpl.java:140)
	at org.postgresql.core.v3.ConnectionFactoryImpl.openConnectionImpl(ConnectionFactoryImpl.java:268)
	... 7 more
"Error","http-nio-8500-exec-1","12/12/24","21:00:53","","Connection to localhost:5432 refused. Check that the hostname and port are correct and that the postmaster is accepting TCP/IP connections."
org.postgresql.util.PSQLException: Connection to localhost:5432 refused. Check that the hostname and port are correct and that the postmaster is accepting TCP/IP connections.
	at org.postgresql.core.v3.ConnectionFactoryImpl.openConnectionImpl(ConnectionFactoryImpl.java:352)
	at org.postgresql.core.ConnectionFactory.openConnection(ConnectionFactory.java:54)
	at org.postgresql.jdbc.PgConnection.<init>(PgConnection.java:273)
	at org.postgresql.Driver.makeConnection(Driver.java:446)
	at org.postgresql.Driver.connect(Driver.java:298)
	at coldfusion.server.j2ee.sql.pool.JDBCPool.createPhysicalConnection(JDBCPool.java:635)
	at coldfusion.server.j2ee.sql.pool.ConnectionRunner$RunnableConnection.run(ConnectionRunner.java:67)
	at java.base/java.lang.Thread.run(Thread.java:834)
Caused by: java.net.ConnectException: Connection refused (Connection refused)
	at java.base/java.net.PlainSocketImpl.socketConnect(Native Method)
	at java.base/java.net.AbstractPlainSocketImpl.doConnect(AbstractPlainSocketImpl.java:399)
	at java.base/java.net.AbstractPlainSocketImpl.connectToAddress(AbstractPlainSocketImpl.java:242)
	at java.base/java.net.AbstractPlainSocketImpl.connect(AbstractPlainSocketImpl.java:224)
	at java.base/java.net.SocksSocketImpl.connect(SocksSocketImpl.java:392)
	at java.base/java.net.Socket.connect(Socket.java:608)
	at org.postgresql.core.PGStream.createSocket(PGStream.java:260)
	at org.postgresql.core.PGStream.<init>(PGStream.java:121)
	at org.postgresql.core.v3.ConnectionFactoryImpl.tryConnect(ConnectionFactoryImpl.java:140)
	at org.postgresql.core.v3.ConnectionFactoryImpl.openConnectionImpl(ConnectionFactoryImpl.java:268)
	... 7 more
"Error","http-nio-8500-exec-9","12/12/24","21:01:30","","Connection to localhost:5432 refused. Check that the hostname and port are correct and that the postmaster is accepting TCP/IP connections."
org.postgresql.util.PSQLException: Connection to localhost:5432 refused. Check that the hostname and port are correct and that the postmaster is accepting TCP/IP connections.
	at org.postgresql.core.v3.ConnectionFactoryImpl.openConnectionImpl(ConnectionFactoryImpl.java:352)
	at org.postgresql.core.ConnectionFactory.openConnection(ConnectionFactory.java:54)
	at org.postgresql.jdbc.PgConnection.<init>(PgConnection.java:273)
	at org.postgresql.Driver.makeConnection(Driver.java:446)
	at org.postgresql.Driver.connect(Driver.java:298)
	at coldfusion.server.j2ee.sql.pool.JDBCPool.createPhysicalConnection(JDBCPool.java:635)
	at coldfusion.server.j2ee.sql.pool.ConnectionRunner$RunnableConnection.run(ConnectionRunner.java:67)
	at java.base/java.lang.Thread.run(Thread.java:834)
Caused by: java.net.ConnectException: Connection refused (Connection refused)
	at java.base/java.net.PlainSocketImpl.socketConnect(Native Method)
	at java.base/java.net.AbstractPlainSocketImpl.doConnect(AbstractPlainSocketImpl.java:399)
	at java.base/java.net.AbstractPlainSocketImpl.connectToAddress(AbstractPlainSocketImpl.java:242)
	at java.base/java.net.AbstractPlainSocketImpl.connect(AbstractPlainSocketImpl.java:224)
	at java.base/java.net.SocksSocketImpl.connect(SocksSocketImpl.java:392)
	at java.base/java.net.Socket.connect(Socket.java:608)
	at org.postgresql.core.PGStream.createSocket(PGStream.java:260)
	at org.postgresql.core.PGStream.<init>(PGStream.java:121)
	at org.postgresql.core.v3.ConnectionFactoryImpl.tryConnect(ConnectionFactoryImpl.java:140)
	at org.postgresql.core.v3.ConnectionFactoryImpl.openConnectionImpl(ConnectionFactoryImpl.java:268)
	... 7 more
"Error","http-nio-8500-exec-9","12/12/24","21:01:30","","Connection to localhost:5432 refused. Check that the hostname and port are correct and that the postmaster is accepting TCP/IP connections."
org.postgresql.util.PSQLException: Connection to localhost:5432 refused. Check that the hostname and port are correct and that the postmaster is accepting TCP/IP connections.
	at org.postgresql.core.v3.ConnectionFactoryImpl.openConnectionImpl(ConnectionFactoryImpl.java:352)
	at org.postgresql.core.ConnectionFactory.openConnection(ConnectionFactory.java:54)
	at org.postgresql.jdbc.PgConnection.<init>(PgConnection.java:273)
	at org.postgresql.Driver.makeConnection(Driver.java:446)
	at org.postgresql.Driver.connect(Driver.java:298)
	at coldfusion.server.j2ee.sql.pool.JDBCPool.createPhysicalConnection(JDBCPool.java:635)
	at coldfusion.server.j2ee.sql.pool.ConnectionRunner$RunnableConnection.run(ConnectionRunner.java:67)
	at java.base/java.lang.Thread.run(Thread.java:834)
Caused by: java.net.ConnectException: Connection refused (Connection refused)
	at java.base/java.net.PlainSocketImpl.socketConnect(Native Method)
	at java.base/java.net.AbstractPlainSocketImpl.doConnect(AbstractPlainSocketImpl.java:399)
	at java.base/java.net.AbstractPlainSocketImpl.connectToAddress(AbstractPlainSocketImpl.java:242)
	at java.base/java.net.AbstractPlainSocketImpl.connect(AbstractPlainSocketImpl.java:224)
	at java.base/java.net.SocksSocketImpl.connect(SocksSocketImpl.java:392)
	at java.base/java.net.Socket.connect(Socket.java:608)
	at org.postgresql.core.PGStream.createSocket(PGStream.java:260)
	at org.postgresql.core.PGStream.<init>(PGStream.java:121)
	at org.postgresql.core.v3.ConnectionFactoryImpl.tryConnect(ConnectionFactoryImpl.java:140)
	at org.postgresql.core.v3.ConnectionFactoryImpl.openConnectionImpl(ConnectionFactoryImpl.java:268)
	... 7 more
"Error","http-nio-8500-exec-4","12/12/24","21:02:22","","Connection to localhost:5432 refused. Check that the hostname and port are correct and that the postmaster is accepting TCP/IP connections."
org.postgresql.util.PSQLException: Connection to localhost:5432 refused. Check that the hostname and port are correct and that the postmaster is accepting TCP/IP connections.
	at org.postgresql.core.v3.ConnectionFactoryImpl.openConnectionImpl(ConnectionFactoryImpl.java:352)
	at org.postgresql.core.ConnectionFactory.openConnection(ConnectionFactory.java:54)
	at org.postgresql.jdbc.PgConnection.<init>(PgConnection.java:273)
	at org.postgresql.Driver.makeConnection(Driver.java:446)
	at org.postgresql.Driver.connect(Driver.java:298)
	at coldfusion.server.j2ee.sql.pool.JDBCPool.createPhysicalConnection(JDBCPool.java:635)
	at coldfusion.server.j2ee.sql.pool.ConnectionRunner$RunnableConnection.run(ConnectionRunner.java:67)
	at java.base/java.lang.Thread.run(Thread.java:834)
Caused by: java.net.ConnectException: Connection refused (Connection refused)
	at java.base/java.net.PlainSocketImpl.socketConnect(Native Method)
	at java.base/java.net.AbstractPlainSocketImpl.doConnect(AbstractPlainSocketImpl.java:399)
	at java.base/java.net.AbstractPlainSocketImpl.connectToAddress(AbstractPlainSocketImpl.java:242)
	at java.base/java.net.AbstractPlainSocketImpl.connect(AbstractPlainSocketImpl.java:224)
	at java.base/java.net.SocksSocketImpl.connect(SocksSocketImpl.java:392)
	at java.base/java.net.Socket.connect(Socket.java:608)
	at org.postgresql.core.PGStream.createSocket(PGStream.java:260)
	at org.postgresql.core.PGStream.<init>(PGStream.java:121)
	at org.postgresql.core.v3.ConnectionFactoryImpl.tryConnect(ConnectionFactoryImpl.java:140)
	at org.postgresql.core.v3.ConnectionFactoryImpl.openConnectionImpl(ConnectionFactoryImpl.java:268)
	... 7 more
"Error","http-nio-8500-exec-4","12/12/24","21:02:22","","Connection to localhost:5432 refused. Check that the hostname and port are correct and that the postmaster is accepting TCP/IP connections."
org.postgresql.util.PSQLException: Connection to localhost:5432 refused. Check that the hostname and port are correct and that the postmaster is accepting TCP/IP connections.
	at org.postgresql.core.v3.ConnectionFactoryImpl.openConnectionImpl(ConnectionFactoryImpl.java:352)
	at org.postgresql.core.ConnectionFactory.openConnection(ConnectionFactory.java:54)
	at org.postgresql.jdbc.PgConnection.<init>(PgConnection.java:273)
	at org.postgresql.Driver.makeConnection(Driver.java:446)
	at org.postgresql.Driver.connect(Driver.java:298)
	at coldfusion.server.j2ee.sql.pool.JDBCPool.createPhysicalConnection(JDBCPool.java:635)
	at coldfusion.server.j2ee.sql.pool.ConnectionRunner$RunnableConnection.run(ConnectionRunner.java:67)
	at java.base/java.lang.Thread.run(Thread.java:834)
Caused by: java.net.ConnectException: Connection refused (Connection refused)
	at java.base/java.net.PlainSocketImpl.socketConnect(Native Method)
	at java.base/java.net.AbstractPlainSocketImpl.doConnect(AbstractPlainSocketImpl.java:399)
	at java.base/java.net.AbstractPlainSocketImpl.connectToAddress(AbstractPlainSocketImpl.java:242)
	at java.base/java.net.AbstractPlainSocketImpl.connect(AbstractPlainSocketImpl.java:224)
	at java.base/java.net.SocksSocketImpl.connect(SocksSocketImpl.java:392)
	at java.base/java.net.Socket.connect(Socket.java:608)
	at org.postgresql.core.PGStream.createSocket(PGStream.java:260)
	at org.postgresql.core.PGStream.<init>(PGStream.java:121)
	at org.postgresql.core.v3.ConnectionFactoryImpl.tryConnect(ConnectionFactoryImpl.java:140)
	at org.postgresql.core.v3.ConnectionFactoryImpl.openConnectionImpl(ConnectionFactoryImpl.java:268)
	... 7 more
"Error","http-nio-8500-exec-9","12/12/24","21:02:54","","Connection to localhost:5432 refused. Check that the hostname and port are correct and that the postmaster is accepting TCP/IP connections."
org.postgresql.util.PSQLException: Connection to localhost:5432 refused. Check that the hostname and port are correct and that the postmaster is accepting TCP/IP connections.
	at org.postgresql.core.v3.ConnectionFactoryImpl.openConnectionImpl(ConnectionFactoryImpl.java:352)
	at org.postgresql.core.ConnectionFactory.openConnection(ConnectionFactory.java:54)
	at org.postgresql.jdbc.PgConnection.<init>(PgConnection.java:273)
	at org.postgresql.Driver.makeConnection(Driver.java:446)
	at org.postgresql.Driver.connect(Driver.java:298)
	at coldfusion.server.j2ee.sql.pool.JDBCPool.createPhysicalConnection(JDBCPool.java:635)
	at coldfusion.server.j2ee.sql.pool.ConnectionRunner$RunnableConnection.run(ConnectionRunner.java:67)
	at java.base/java.lang.Thread.run(Thread.java:834)
Caused by: java.net.ConnectException: Connection refused (Connection refused)
	at java.base/java.net.PlainSocketImpl.socketConnect(Native Method)
	at java.base/java.net.AbstractPlainSocketImpl.doConnect(AbstractPlainSocketImpl.java:399)
	at java.base/java.net.AbstractPlainSocketImpl.connectToAddress(AbstractPlainSocketImpl.java:242)
	at java.base/java.net.AbstractPlainSocketImpl.connect(AbstractPlainSocketImpl.java:224)
	at java.base/java.net.SocksSocketImpl.connect(SocksSocketImpl.java:392)
	at java.base/java.net.Socket.connect(Socket.java:608)
	at org.postgresql.core.PGStream.createSocket(PGStream.java:260)
	at org.postgresql.core.PGStream.<init>(PGStream.java:121)
	at org.postgresql.core.v3.ConnectionFactoryImpl.tryConnect(ConnectionFactoryImpl.java:140)
	at org.postgresql.core.v3.ConnectionFactoryImpl.openConnectionImpl(ConnectionFactoryImpl.java:268)
	... 7 more
"Error","http-nio-8500-exec-9","12/12/24","21:02:54","","Connection to localhost:5432 refused. Check that the hostname and port are correct and that the postmaster is accepting TCP/IP connections."
org.postgresql.util.PSQLException: Connection to localhost:5432 refused. Check that the hostname and port are correct and that the postmaster is accepting TCP/IP connections.
	at org.postgresql.core.v3.ConnectionFactoryImpl.openConnectionImpl(ConnectionFactoryImpl.java:352)
	at org.postgresql.core.ConnectionFactory.openConnection(ConnectionFactory.java:54)
	at org.postgresql.jdbc.PgConnection.<init>(PgConnection.java:273)
	at org.postgresql.Driver.makeConnection(Driver.java:446)
	at org.postgresql.Driver.connect(Driver.java:298)
	at coldfusion.server.j2ee.sql.pool.JDBCPool.createPhysicalConnection(JDBCPool.java:635)
	at coldfusion.server.j2ee.sql.pool.ConnectionRunner$RunnableConnection.run(ConnectionRunner.java:67)
	at java.base/java.lang.Thread.run(Thread.java:834)
Caused by: java.net.ConnectException: Connection refused (Connection refused)
	at java.base/java.net.PlainSocketImpl.socketConnect(Native Method)
	at java.base/java.net.AbstractPlainSocketImpl.doConnect(AbstractPlainSocketImpl.java:399)
	at java.base/java.net.AbstractPlainSocketImpl.connectToAddress(AbstractPlainSocketImpl.java:242)
	at java.base/java.net.AbstractPlainSocketImpl.connect(AbstractPlainSocketImpl.java:224)
	at java.base/java.net.SocksSocketImpl.connect(SocksSocketImpl.java:392)
	at java.base/java.net.Socket.connect(Socket.java:608)
	at org.postgresql.core.PGStream.createSocket(PGStream.java:260)
	at org.postgresql.core.PGStream.<init>(PGStream.java:121)
	at org.postgresql.core.v3.ConnectionFactoryImpl.tryConnect(ConnectionFactoryImpl.java:140)
	at org.postgresql.core.v3.ConnectionFactoryImpl.openConnectionImpl(ConnectionFactoryImpl.java:268)
	... 7 more
"Error","http-nio-8500-exec-10","12/12/24","21:17:23","","File not found: /.cfm The specific sequence of files included or processed is: /app/.cfm'' "
coldfusion.runtime.TemplateNotFoundException: File not found: /.cfm
	at coldfusion.filter.PathFilter.invoke(PathFilter.java:165)
	at coldfusion.filter.IpFilter.invoke(IpFilter.java:45)
	at coldfusion.filter.ExceptionFilter.invoke(ExceptionFilter.java:96)
	at coldfusion.filter.ClientScopePersistenceFilter.invoke(ClientScopePersistenceFilter.java:28)
	at coldfusion.filter.BrowserFilter.invoke(BrowserFilter.java:38)
	at coldfusion.filter.NoCacheFilter.invoke(NoCacheFilter.java:60)
	at coldfusion.filter.GlobalsFilter.invoke(GlobalsFilter.java:38)
	at coldfusion.filter.DatasourceFilter.invoke(DatasourceFilter.java:22)
	at coldfusion.filter.CachingFilter.invoke(CachingFilter.java:62)
	at coldfusion.CfmServlet.service(CfmServlet.java:226)
	at coldfusion.bootstrap.BootstrapServlet.service(BootstrapServlet.java:311)
	at org.apache.catalina.core.ApplicationFilterChain.internalDoFilter(ApplicationFilterChain.java:227)
	at org.apache.catalina.core.ApplicationFilterChain.doFilter(ApplicationFilterChain.java:162)
	at coldfusion.monitor.event.MonitoringServletFilter.doFilter(MonitoringServletFilter.java:46)
	at coldfusion.bootstrap.BootstrapFilter.doFilter(BootstrapFilter.java:47)
	at org.apache.catalina.core.ApplicationFilterChain.internalDoFilter(ApplicationFilterChain.java:189)
	at org.apache.catalina.core.ApplicationFilterChain.doFilter(ApplicationFilterChain.java:162)
	at coldfusion.inspect.weinre.MobileDeviceDomInspectionFilter.doFilter(MobileDeviceDomInspectionFilter.java:121)
	at coldfusion.bootstrap.BootstrapFilter.doFilter(BootstrapFilter.java:47)
	at org.apache.catalina.core.ApplicationFilterChain.internalDoFilter(ApplicationFilterChain.java:189)
	at org.apache.catalina.core.ApplicationFilterChain.doFilter(ApplicationFilterChain.java:162)
	at org.apache.tomcat.websocket.server.WsFilter.doFilter(WsFilter.java:53)
	at org.apache.catalina.core.ApplicationFilterChain.internalDoFilter(ApplicationFilterChain.java:189)
	at org.apache.catalina.core.ApplicationFilterChain.doFilter(ApplicationFilterChain.java:162)
	at org.apache.catalina.core.StandardWrapperValve.invoke(StandardWrapperValve.java:197)
	at org.apache.catalina.core.StandardContextValve.invoke(StandardContextValve.java:97)
	at org.apache.catalina.authenticator.AuthenticatorBase.invoke(AuthenticatorBase.java:541)
	at org.apache.catalina.core.StandardHostValve.invoke(StandardHostValve.java:135)
	at org.apache.catalina.valves.ErrorReportValve.invoke(ErrorReportValve.java:92)
	at org.apache.catalina.core.StandardEngineValve.invoke(StandardEngineValve.java:78)
	at org.apache.catalina.connector.CoyoteAdapter.service(CoyoteAdapter.java:377)
	at org.apache.coyote.http11.Http11Processor.service(Http11Processor.java:399)
	at org.apache.coyote.AbstractProcessorLight.process(AbstractProcessorLight.java:65)
	at org.apache.coyote.AbstractProtocol$ConnectionHandler.process(AbstractProtocol.java:889)
	at org.apache.tomcat.util.net.NioEndpoint$SocketProcessor.doRun(NioEndpoint.java:1743)
	at org.apache.tomcat.util.net.SocketProcessorBase.run(SocketProcessorBase.java:49)
	at org.apache.tomcat.util.threads.ThreadPoolExecutor.runWorker(ThreadPoolExecutor.java:1191)
	at org.apache.tomcat.util.threads.ThreadPoolExecutor$Worker.run(ThreadPoolExecutor.java:659)
	at org.apache.tomcat.util.threads.TaskThread$WrappingRunnable.run(TaskThread.java:61)
	at java.base/java.lang.Thread.run(Thread.java:834)
